{"N:\\AI_powered_job_board\\backend\\src\\ai\\ai.provider.ts": {"path":"N:\\AI_powered_job_board\\backend\\src\\ai\\ai.provider.ts","statementMap":{"0":{"start":{"line":1,"column":0},"end":{"line":1,"column":36}},"1":{"start":{"line":2,"column":0},"end":{"line":2,"column":55}},"2":{"start":{"line":3,"column":0},"end":{"line":3,"column":51}},"3":{"start":{"line":25,"column":4},"end":{"line":32,"column":5}},"4":{"start":{"line":27,"column":8},"end":{"line":27,"column":36}},"5":{"start":{"line":29,"column":8},"end":{"line":29,"column":38}},"6":{"start":{"line":31,"column":8},"end":{"line":31,"column":71}},"7":{"start":{"line":23,"column":0},"end":{"line":23,"column":13}},"8":{"start":{"line":36,"column":13},"end":{"line":36,"column":58}}},"fnMap":{"0":{"name":"(anonymous_0)","decl":{"start":{"line":24,"column":2},"end":{"line":24,"column":8}},"loc":{"start":{"line":24,"column":20},"end":{"line":33,"column":3}}}},"branchMap":{"0":{"loc":{"start":{"line":25,"column":4},"end":{"line":32,"column":5}},"type":"switch","locations":[{"start":{"line":26,"column":6},"end":{"line":27,"column":36}},{"start":{"line":28,"column":6},"end":{"line":29,"column":38}},{"start":{"line":30,"column":6},"end":{"line":31,"column":71}}]}},"s":{"0":2,"1":2,"2":2,"3":2,"4":0,"5":2,"6":0,"7":2,"8":2},"f":{"0":2},"b":{"0":[0,2,0]}}
,"N:\\AI_powered_job_board\\backend\\src\\ai\\lmstudio.provider.ts": {"path":"N:\\AI_powered_job_board\\backend\\src\\ai\\lmstudio.provider.ts","statementMap":{"0":{"start":{"line":1,"column":0},"end":{"line":1,"column":28}},"1":{"start":{"line":2,"column":0},"end":{"line":2,"column":36}},"2":{"start":{"line":9,"column":4},"end":{"line":12,"column":7}},"3":{"start":{"line":16,"column":21},"end":{"line":21,"column":6}},"4":{"start":{"line":22,"column":4},"end":{"line":22,"column":38}},"5":{"start":{"line":26,"column":21},"end":{"line":38,"column":6}},"6":{"start":{"line":40,"column":20},"end":{"line":40,"column":74}},"7":{"start":{"line":41,"column":4},"end":{"line":47,"column":5}},"8":{"start":{"line":42,"column":21},"end":{"line":42,"column":47}},"9":{"start":{"line":43,"column":6},"end":{"line":43,"column":63}},"10":{"start":{"line":45,"column":6},"end":{"line":45,"column":61}},"11":{"start":{"line":46,"column":6},"end":{"line":46,"column":16}},"12":{"start":{"line":54,"column":21},"end":{"line":69,"column":6}},"13":{"start":{"line":71,"column":20},"end":{"line":71,"column":95}},"14":{"start":{"line":72,"column":4},"end":{"line":77,"column":5}},"15":{"start":{"line":73,"column":6},"end":{"line":73,"column":40}},"16":{"start":{"line":75,"column":6},"end":{"line":75,"column":67}},"17":{"start":{"line":76,"column":6},"end":{"line":76,"column":63}},"18":{"start":{"line":83,"column":20},"end":{"line":87,"column":null}},"19":{"start":{"line":85,"column":25},"end":{"line":85,"column":96}},"20":{"start":{"line":86,"column":8},"end":{"line":86,"column":84}},"21":{"start":{"line":89,"column":4},"end":{"line":89,"column":53}},"22":{"start":{"line":89,"column":34},"end":{"line":89,"column":51}},"23":{"start":{"line":95,"column":27},"end":{"line":95,"column":62}},"24":{"start":{"line":96,"column":26},"end":{"line":100,"column":null}},"25":{"start":{"line":97,"column":35},"end":{"line":100,"column":8}},"26":{"start":{"line":103,"column":4},"end":{"line":108,"column":41}},"27":{"start":{"line":104,"column":21},"end":{"line":107,"column":8}},"28":{"start":{"line":108,"column":22},"end":{"line":108,"column":39}},"29":{"start":{"line":112,"column":21},"end":{"line":118,"column":6}},"30":{"start":{"line":119,"column":4},"end":{"line":119,"column":72}},"31":{"start":{"line":123,"column":19},"end":{"line":123,"column":64}},"32":{"start":{"line":124,"column":4},"end":{"line":124,"column":24}},"33":{"start":{"line":5,"column":0},"end":{"line":5,"column":13}},"34":{"start":{"line":129,"column":14},"end":{"line":129,"column":67}},"35":{"start":{"line":129,"column":40},"end":{"line":129,"column":63}},"36":{"start":{"line":130,"column":15},"end":{"line":130,"column":68}},"37":{"start":{"line":130,"column":48},"end":{"line":130,"column":63}},"38":{"start":{"line":131,"column":15},"end":{"line":131,"column":68}},"39":{"start":{"line":131,"column":48},"end":{"line":131,"column":63}},"40":{"start":{"line":132,"column":2},"end":{"line":132,"column":41}},"41":{"start":{"line":132,"column":32},"end":{"line":132,"column":41}},"42":{"start":{"line":133,"column":2},"end":{"line":133,"column":29}},"43":{"start":{"line":137,"column":16},"end":{"line":137,"column":27}},"44":{"start":{"line":139,"column":2},"end":{"line":147,"column":3}},"45":{"start":{"line":140,"column":25},"end":{"line":140,"column":46}},"46":{"start":{"line":141,"column":4},"end":{"line":143,"column":5}},"47":{"start":{"line":142,"column":6},"end":{"line":142,"column":51}},"48":{"start":{"line":144,"column":4},"end":{"line":146,"column":5}},"49":{"start":{"line":145,"column":6},"end":{"line":145,"column":60}},"50":{"start":{"line":149,"column":2},"end":{"line":185,"column":3}},"51":{"start":{"line":150,"column":4},"end":{"line":150,"column":31}},"52":{"start":{"line":153,"column":4},"end":{"line":172,"column":5}},"53":{"start":{"line":154,"column":25},"end":{"line":154,"column":61}},"54":{"start":{"line":155,"column":20},"end":{"line":155,"column":64}},"55":{"start":{"line":157,"column":29},"end":{"line":157,"column":63}},"56":{"start":{"line":158,"column":6},"end":{"line":169,"column":7}},"57":{"start":{"line":160,"column":32},"end":{"line":160,"column":76}},"58":{"start":{"line":161,"column":31},"end":{"line":161,"column":55}},"59":{"start":{"line":162,"column":8},"end":{"line":168,"column":9}},"60":{"start":{"line":163,"column":32},"end":{"line":163,"column":76}},"61":{"start":{"line":164,"column":10},"end":{"line":167,"column":11}},"62":{"start":{"line":165,"column":27},"end":{"line":165,"column":72}},"63":{"start":{"line":166,"column":12},"end":{"line":166,"column":37}},"64":{"start":{"line":175,"column":18},"end":{"line":175,"column":38}},"65":{"start":{"line":176,"column":16},"end":{"line":176,"column":40}},"66":{"start":{"line":177,"column":4},"end":{"line":183,"column":5}},"67":{"start":{"line":178,"column":6},"end":{"line":182,"column":7}},"68":{"start":{"line":179,"column":8},"end":{"line":179,"column":57}},"69":{"start":{"line":184,"column":4},"end":{"line":184,"column":12}}},"fnMap":{"0":{"name":"(anonymous_1)","decl":{"start":{"line":8,"column":2},"end":{"line":8,"column":null}},"loc":{"start":{"line":8,"column":2},"end":{"line":13,"column":3}}},"1":{"name":"(anonymous_2)","decl":{"start":{"line":15,"column":2},"end":{"line":15,"column":7}},"loc":{"start":{"line":15,"column":38},"end":{"line":23,"column":3}}},"2":{"name":"(anonymous_3)","decl":{"start":{"line":25,"column":2},"end":{"line":25,"column":7}},"loc":{"start":{"line":25,"column":34},"end":{"line":48,"column":3}}},"3":{"name":"(anonymous_4)","decl":{"start":{"line":50,"column":2},"end":{"line":50,"column":7}},"loc":{"start":{"line":52,"column":19},"end":{"line":78,"column":3}}},"4":{"name":"(anonymous_5)","decl":{"start":{"line":80,"column":2},"end":{"line":80,"column":7}},"loc":{"start":{"line":80,"column":88},"end":{"line":90,"column":3}}},"5":{"name":"(anonymous_6)","decl":{"start":{"line":84,"column":21},"end":{"line":84,"column":26}},"loc":{"start":{"line":84,"column":41},"end":{"line":87,"column":7}}},"6":{"name":"(anonymous_7)","decl":{"start":{"line":89,"column":24},"end":{"line":89,"column":25}},"loc":{"start":{"line":89,"column":34},"end":{"line":89,"column":51}}},"7":{"name":"(anonymous_8)","decl":{"start":{"line":92,"column":2},"end":{"line":92,"column":7}},"loc":{"start":{"line":92,"column":78},"end":{"line":109,"column":3}}},"8":{"name":"(anonymous_9)","decl":{"start":{"line":97,"column":19},"end":{"line":97,"column":24}},"loc":{"start":{"line":97,"column":35},"end":{"line":100,"column":8}}},"9":{"name":"(anonymous_10)","decl":{"start":{"line":104,"column":11},"end":{"line":104,"column":12}},"loc":{"start":{"line":104,"column":21},"end":{"line":107,"column":8}}},"10":{"name":"(anonymous_11)","decl":{"start":{"line":108,"column":12},"end":{"line":108,"column":13}},"loc":{"start":{"line":108,"column":22},"end":{"line":108,"column":39}}},"11":{"name":"(anonymous_12)","decl":{"start":{"line":111,"column":2},"end":{"line":111,"column":7}},"loc":{"start":{"line":111,"column":36},"end":{"line":120,"column":3}}},"12":{"name":"(anonymous_13)","decl":{"start":{"line":122,"column":2},"end":{"line":122,"column":7}},"loc":{"start":{"line":122,"column":49},"end":{"line":125,"column":3}}},"13":{"name":"cosineSimilarity","decl":{"start":{"line":128,"column":9},"end":{"line":128,"column":25}},"loc":{"start":{"line":128,"column":50},"end":{"line":134,"column":1}}},"14":{"name":"(anonymous_15)","decl":{"start":{"line":129,"column":23},"end":{"line":129,"column":24}},"loc":{"start":{"line":129,"column":40},"end":{"line":129,"column":63}}},"15":{"name":"(anonymous_16)","decl":{"start":{"line":130,"column":34},"end":{"line":130,"column":35}},"loc":{"start":{"line":130,"column":48},"end":{"line":130,"column":63}}},"16":{"name":"(anonymous_17)","decl":{"start":{"line":131,"column":34},"end":{"line":131,"column":35}},"loc":{"start":{"line":131,"column":48},"end":{"line":131,"column":63}}},"17":{"name":"cleanAndParseJSON","decl":{"start":{"line":136,"column":9},"end":{"line":136,"column":26}},"loc":{"start":{"line":136,"column":39},"end":{"line":186,"column":1}}}},"branchMap":{"0":{"loc":{"start":{"line":40,"column":20},"end":{"line":40,"column":74}},"type":"binary-expr","locations":[{"start":{"line":40,"column":20},"end":{"line":40,"column":55}},{"start":{"line":40,"column":59},"end":{"line":40,"column":74}}]},"1":{"loc":{"start":{"line":43,"column":13},"end":{"line":43,"column":62}},"type":"cond-expr","locations":[{"start":{"line":43,"column":44},"end":{"line":43,"column":57}},{"start":{"line":43,"column":60},"end":{"line":43,"column":62}}]},"2":{"loc":{"start":{"line":71,"column":20},"end":{"line":71,"column":95}},"type":"binary-expr","locations":[{"start":{"line":71,"column":20},"end":{"line":71,"column":55}},{"start":{"line":71,"column":59},"end":{"line":71,"column":95}}]},"3":{"loc":{"start":{"line":119,"column":11},"end":{"line":119,"column":71}},"type":"binary-expr","locations":[{"start":{"line":119,"column":11},"end":{"line":119,"column":46}},{"start":{"line":119,"column":50},"end":{"line":119,"column":71}}]},"4":{"loc":{"start":{"line":129,"column":53},"end":{"line":129,"column":62}},"type":"binary-expr","locations":[{"start":{"line":129,"column":53},"end":{"line":129,"column":57}},{"start":{"line":129,"column":61},"end":{"line":129,"column":62}}]},"5":{"loc":{"start":{"line":132,"column":2},"end":{"line":132,"column":41}},"type":"if","locations":[{"start":{"line":132,"column":2},"end":{"line":132,"column":41}}]},"6":{"loc":{"start":{"line":132,"column":6},"end":{"line":132,"column":30}},"type":"binary-expr","locations":[{"start":{"line":132,"column":6},"end":{"line":132,"column":16}},{"start":{"line":132,"column":20},"end":{"line":132,"column":30}}]},"7":{"loc":{"start":{"line":139,"column":2},"end":{"line":147,"column":3}},"type":"if","locations":[{"start":{"line":139,"column":2},"end":{"line":147,"column":3}}]},"8":{"loc":{"start":{"line":141,"column":4},"end":{"line":143,"column":5}},"type":"if","locations":[{"start":{"line":141,"column":4},"end":{"line":143,"column":5}}]},"9":{"loc":{"start":{"line":144,"column":4},"end":{"line":146,"column":5}},"type":"if","locations":[{"start":{"line":144,"column":4},"end":{"line":146,"column":5}}]},"10":{"loc":{"start":{"line":155,"column":20},"end":{"line":155,"column":64}},"type":"cond-expr","locations":[{"start":{"line":155,"column":33},"end":{"line":155,"column":60}},{"start":{"line":155,"column":63},"end":{"line":155,"column":64}}]},"11":{"loc":{"start":{"line":158,"column":6},"end":{"line":169,"column":7}},"type":"if","locations":[{"start":{"line":158,"column":6},"end":{"line":169,"column":7}}]},"12":{"loc":{"start":{"line":162,"column":8},"end":{"line":168,"column":9}},"type":"if","locations":[{"start":{"line":162,"column":8},"end":{"line":168,"column":9}}]},"13":{"loc":{"start":{"line":164,"column":10},"end":{"line":167,"column":11}},"type":"if","locations":[{"start":{"line":164,"column":10},"end":{"line":167,"column":11}}]},"14":{"loc":{"start":{"line":177,"column":4},"end":{"line":183,"column":5}},"type":"if","locations":[{"start":{"line":177,"column":4},"end":{"line":183,"column":5}}]},"15":{"loc":{"start":{"line":177,"column":8},"end":{"line":177,"column":49}},"type":"binary-expr","locations":[{"start":{"line":177,"column":8},"end":{"line":177,"column":20}},{"start":{"line":177,"column":24},"end":{"line":177,"column":34}},{"start":{"line":177,"column":38},"end":{"line":177,"column":49}}]}},"s":{"0":2,"1":2,"2":2,"3":0,"4":0,"5":0,"6":0,"7":0,"8":0,"9":0,"10":0,"11":0,"12":0,"13":0,"14":0,"15":0,"16":0,"17":0,"18":0,"19":0,"20":0,"21":0,"22":0,"23":0,"24":0,"25":0,"26":0,"27":0,"28":0,"29":0,"30":0,"31":0,"32":0,"33":2,"34":0,"35":0,"36":0,"37":0,"38":0,"39":0,"40":0,"41":0,"42":0,"43":0,"44":0,"45":0,"46":0,"47":0,"48":0,"49":0,"50":0,"51":0,"52":0,"53":0,"54":0,"55":0,"56":0,"57":0,"58":0,"59":0,"60":0,"61":0,"62":0,"63":0,"64":0,"65":0,"66":0,"67":0,"68":0,"69":0},"f":{"0":2,"1":0,"2":0,"3":0,"4":0,"5":0,"6":0,"7":0,"8":0,"9":0,"10":0,"11":0,"12":0,"13":0,"14":0,"15":0,"16":0,"17":0},"b":{"0":[0,0],"1":[0,0],"2":[0,0],"3":[0,0],"4":[0,0],"5":[0],"6":[0,0],"7":[0],"8":[0],"9":[0],"10":[0,0],"11":[0],"12":[0],"13":[0],"14":[0],"15":[0,0,0]}}
,"N:\\AI_powered_job_board\\backend\\src\\ai\\openai.provider.ts": {"path":"N:\\AI_powered_job_board\\backend\\src\\ai\\openai.provider.ts","statementMap":{"0":{"start":{"line":1,"column":0},"end":{"line":1,"column":28}},"1":{"start":{"line":2,"column":0},"end":{"line":2,"column":36}},"2":{"start":{"line":9,"column":4},"end":{"line":9,"column":61}},"3":{"start":{"line":13,"column":21},"end":{"line":16,"column":6}},"4":{"start":{"line":17,"column":4},"end":{"line":17,"column":38}},"5":{"start":{"line":21,"column":21},"end":{"line":32,"column":6}},"6":{"start":{"line":34,"column":20},"end":{"line":34,"column":74}},"7":{"start":{"line":35,"column":19},"end":{"line":35,"column":38}},"8":{"start":{"line":36,"column":4},"end":{"line":36,"column":61}},"9":{"start":{"line":43,"column":21},"end":{"line":57,"column":6}},"10":{"start":{"line":59,"column":4},"end":{"line":59,"column":99}},"11":{"start":{"line":65,"column":20},"end":{"line":69,"column":null}},"12":{"start":{"line":67,"column":25},"end":{"line":67,"column":96}},"13":{"start":{"line":68,"column":8},"end":{"line":68,"column":84}},"14":{"start":{"line":71,"column":4},"end":{"line":71,"column":53}},"15":{"start":{"line":71,"column":34},"end":{"line":71,"column":51}},"16":{"start":{"line":77,"column":27},"end":{"line":77,"column":62}},"17":{"start":{"line":78,"column":26},"end":{"line":82,"column":null}},"18":{"start":{"line":79,"column":35},"end":{"line":82,"column":8}},"19":{"start":{"line":85,"column":4},"end":{"line":90,"column":41}},"20":{"start":{"line":86,"column":21},"end":{"line":89,"column":8}},"21":{"start":{"line":90,"column":22},"end":{"line":90,"column":39}},"22":{"start":{"line":94,"column":21},"end":{"line":103,"column":6}},"23":{"start":{"line":104,"column":4},"end":{"line":104,"column":72}},"24":{"start":{"line":108,"column":19},"end":{"line":108,"column":64}},"25":{"start":{"line":109,"column":4},"end":{"line":109,"column":24}},"26":{"start":{"line":5,"column":0},"end":{"line":5,"column":13}},"27":{"start":{"line":114,"column":14},"end":{"line":114,"column":67}},"28":{"start":{"line":114,"column":40},"end":{"line":114,"column":63}},"29":{"start":{"line":115,"column":15},"end":{"line":115,"column":68}},"30":{"start":{"line":115,"column":48},"end":{"line":115,"column":63}},"31":{"start":{"line":116,"column":15},"end":{"line":116,"column":68}},"32":{"start":{"line":116,"column":48},"end":{"line":116,"column":63}},"33":{"start":{"line":117,"column":2},"end":{"line":117,"column":41}},"34":{"start":{"line":117,"column":32},"end":{"line":117,"column":41}},"35":{"start":{"line":118,"column":2},"end":{"line":118,"column":29}}},"fnMap":{"0":{"name":"(anonymous_1)","decl":{"start":{"line":8,"column":2},"end":{"line":8,"column":null}},"loc":{"start":{"line":8,"column":2},"end":{"line":10,"column":3}}},"1":{"name":"(anonymous_2)","decl":{"start":{"line":12,"column":2},"end":{"line":12,"column":7}},"loc":{"start":{"line":12,"column":38},"end":{"line":18,"column":3}}},"2":{"name":"(anonymous_3)","decl":{"start":{"line":20,"column":2},"end":{"line":20,"column":7}},"loc":{"start":{"line":20,"column":34},"end":{"line":37,"column":3}}},"3":{"name":"(anonymous_4)","decl":{"start":{"line":39,"column":2},"end":{"line":39,"column":7}},"loc":{"start":{"line":41,"column":19},"end":{"line":60,"column":3}}},"4":{"name":"(anonymous_5)","decl":{"start":{"line":62,"column":2},"end":{"line":62,"column":7}},"loc":{"start":{"line":62,"column":88},"end":{"line":72,"column":3}}},"5":{"name":"(anonymous_6)","decl":{"start":{"line":66,"column":21},"end":{"line":66,"column":26}},"loc":{"start":{"line":66,"column":41},"end":{"line":69,"column":7}}},"6":{"name":"(anonymous_7)","decl":{"start":{"line":71,"column":24},"end":{"line":71,"column":25}},"loc":{"start":{"line":71,"column":34},"end":{"line":71,"column":51}}},"7":{"name":"(anonymous_8)","decl":{"start":{"line":74,"column":2},"end":{"line":74,"column":7}},"loc":{"start":{"line":74,"column":78},"end":{"line":91,"column":3}}},"8":{"name":"(anonymous_9)","decl":{"start":{"line":79,"column":19},"end":{"line":79,"column":24}},"loc":{"start":{"line":79,"column":35},"end":{"line":82,"column":8}}},"9":{"name":"(anonymous_10)","decl":{"start":{"line":86,"column":11},"end":{"line":86,"column":12}},"loc":{"start":{"line":86,"column":21},"end":{"line":89,"column":8}}},"10":{"name":"(anonymous_11)","decl":{"start":{"line":90,"column":12},"end":{"line":90,"column":13}},"loc":{"start":{"line":90,"column":22},"end":{"line":90,"column":39}}},"11":{"name":"(anonymous_12)","decl":{"start":{"line":93,"column":2},"end":{"line":93,"column":7}},"loc":{"start":{"line":93,"column":36},"end":{"line":105,"column":3}}},"12":{"name":"(anonymous_13)","decl":{"start":{"line":107,"column":2},"end":{"line":107,"column":7}},"loc":{"start":{"line":107,"column":49},"end":{"line":110,"column":3}}},"13":{"name":"cosineSimilarity","decl":{"start":{"line":113,"column":9},"end":{"line":113,"column":25}},"loc":{"start":{"line":113,"column":50},"end":{"line":119,"column":1}}},"14":{"name":"(anonymous_15)","decl":{"start":{"line":114,"column":23},"end":{"line":114,"column":24}},"loc":{"start":{"line":114,"column":40},"end":{"line":114,"column":63}}},"15":{"name":"(anonymous_16)","decl":{"start":{"line":115,"column":34},"end":{"line":115,"column":35}},"loc":{"start":{"line":115,"column":48},"end":{"line":115,"column":63}}},"16":{"name":"(anonymous_17)","decl":{"start":{"line":116,"column":34},"end":{"line":116,"column":35}},"loc":{"start":{"line":116,"column":48},"end":{"line":116,"column":63}}}},"branchMap":{"0":{"loc":{"start":{"line":34,"column":20},"end":{"line":34,"column":74}},"type":"binary-expr","locations":[{"start":{"line":34,"column":20},"end":{"line":34,"column":55}},{"start":{"line":34,"column":59},"end":{"line":34,"column":74}}]},"1":{"loc":{"start":{"line":36,"column":11},"end":{"line":36,"column":60}},"type":"cond-expr","locations":[{"start":{"line":36,"column":42},"end":{"line":36,"column":55}},{"start":{"line":36,"column":58},"end":{"line":36,"column":60}}]},"2":{"loc":{"start":{"line":59,"column":22},"end":{"line":59,"column":97}},"type":"binary-expr","locations":[{"start":{"line":59,"column":22},"end":{"line":59,"column":57}},{"start":{"line":59,"column":61},"end":{"line":59,"column":97}}]},"3":{"loc":{"start":{"line":104,"column":11},"end":{"line":104,"column":71}},"type":"binary-expr","locations":[{"start":{"line":104,"column":11},"end":{"line":104,"column":46}},{"start":{"line":104,"column":50},"end":{"line":104,"column":71}}]},"4":{"loc":{"start":{"line":114,"column":53},"end":{"line":114,"column":62}},"type":"binary-expr","locations":[{"start":{"line":114,"column":53},"end":{"line":114,"column":57}},{"start":{"line":114,"column":61},"end":{"line":114,"column":62}}]},"5":{"loc":{"start":{"line":117,"column":2},"end":{"line":117,"column":41}},"type":"if","locations":[{"start":{"line":117,"column":2},"end":{"line":117,"column":41}}]},"6":{"loc":{"start":{"line":117,"column":6},"end":{"line":117,"column":30}},"type":"binary-expr","locations":[{"start":{"line":117,"column":6},"end":{"line":117,"column":16}},{"start":{"line":117,"column":20},"end":{"line":117,"column":30}}]}},"s":{"0":2,"1":2,"2":0,"3":0,"4":0,"5":0,"6":0,"7":0,"8":0,"9":0,"10":0,"11":0,"12":0,"13":0,"14":0,"15":0,"16":0,"17":0,"18":0,"19":0,"20":0,"21":0,"22":0,"23":0,"24":0,"25":0,"26":2,"27":0,"28":0,"29":0,"30":0,"31":0,"32":0,"33":0,"34":0,"35":0},"f":{"0":0,"1":0,"2":0,"3":0,"4":0,"5":0,"6":0,"7":0,"8":0,"9":0,"10":0,"11":0,"12":0,"13":0,"14":0,"15":0,"16":0},"b":{"0":[0,0],"1":[0,0],"2":[0,0],"3":[0,0],"4":[0,0],"5":[0],"6":[0,0]}}
,"N:\\AI_powered_job_board\\backend\\src\\config\\database.ts": {"path":"N:\\AI_powered_job_board\\backend\\src\\config\\database.ts","statementMap":{"0":{"start":{"line":1,"column":0},"end":{"line":1,"column":46}},"1":{"start":{"line":3,"column":24},"end":{"line":3,"column":85}},"2":{"start":{"line":5,"column":13},"end":{"line":9,"column":5}},"3":{"start":{"line":11,"column":0},"end":{"line":13,"column":1}},"4":{"start":{"line":12,"column":2},"end":{"line":12,"column":34}}},"fnMap":{},"branchMap":{"0":{"loc":{"start":{"line":6,"column":2},"end":{"line":9,"column":4}},"type":"binary-expr","locations":[{"start":{"line":6,"column":2},"end":{"line":6,"column":24}},{"start":{"line":7,"column":2},"end":{"line":9,"column":4}}]},"1":{"loc":{"start":{"line":8,"column":9},"end":{"line":8,"column":79}},"type":"cond-expr","locations":[{"start":{"line":8,"column":50},"end":{"line":8,"column":67}},{"start":{"line":8,"column":70},"end":{"line":8,"column":79}}]},"2":{"loc":{"start":{"line":11,"column":0},"end":{"line":13,"column":1}},"type":"if","locations":[{"start":{"line":11,"column":0},"end":{"line":13,"column":1}}]}},"s":{"0":1,"1":1,"2":1,"3":1,"4":1},"f":{},"b":{"0":[1,1],"1":[0,1],"2":[1]}}
,"N:\\AI_powered_job_board\\backend\\src\\config\\env.ts": {"path":"N:\\AI_powered_job_board\\backend\\src\\config\\env.ts","statementMap":{"0":{"start":{"line":1,"column":0},"end":{"line":1,"column":28}},"1":{"start":{"line":3,"column":0},"end":{"line":3,"column":16}},"2":{"start":{"line":5,"column":13},"end":{"line":24,"column":2}},"3":{"start":{"line":26,"column":27},"end":{"line":33,"column":1}},"4":{"start":{"line":27,"column":19},"end":{"line":27,"column":35}},"5":{"start":{"line":28,"column":2},"end":{"line":32,"column":5}},"6":{"start":{"line":29,"column":4},"end":{"line":31,"column":5}},"7":{"start":{"line":30,"column":6},"end":{"line":30,"column":72}},"8":{"start":{"line":26,"column":13},"end":{"line":26,"column":27}}},"fnMap":{"0":{"name":"(anonymous_1)","decl":{"start":{"line":26,"column":27},"end":{"line":26,"column":30}},"loc":{"start":{"line":26,"column":32},"end":{"line":33,"column":1}}},"1":{"name":"(anonymous_2)","decl":{"start":{"line":28,"column":19},"end":{"line":28,"column":20}},"loc":{"start":{"line":28,"column":28},"end":{"line":32,"column":3}}}},"branchMap":{"0":{"loc":{"start":{"line":6,"column":8},"end":{"line":6,"column":34}},"type":"binary-expr","locations":[{"start":{"line":6,"column":8},"end":{"line":6,"column":24}},{"start":{"line":6,"column":28},"end":{"line":6,"column":34}}]},"1":{"loc":{"start":{"line":7,"column":12},"end":{"line":7,"column":49}},"type":"binary-expr","locations":[{"start":{"line":7,"column":12},"end":{"line":7,"column":32}},{"start":{"line":7,"column":36},"end":{"line":7,"column":49}}]},"2":{"loc":{"start":{"line":9,"column":14},"end":{"line":9,"column":71}},"type":"binary-expr","locations":[{"start":{"line":9,"column":14},"end":{"line":9,"column":36}},{"start":{"line":9,"column":40},"end":{"line":9,"column":71}}]},"3":{"loc":{"start":{"line":10,"column":22},"end":{"line":10,"column":95}},"type":"binary-expr","locations":[{"start":{"line":10,"column":22},"end":{"line":10,"column":52}},{"start":{"line":10,"column":56},"end":{"line":10,"column":95}}]},"4":{"loc":{"start":{"line":14,"column":15},"end":{"line":14,"column":50}},"type":"binary-expr","locations":[{"start":{"line":14,"column":15},"end":{"line":14,"column":38}},{"start":{"line":14,"column":42},"end":{"line":14,"column":50}}]},"5":{"loc":{"start":{"line":15,"column":15},"end":{"line":15,"column":68}},"type":"binary-expr","locations":[{"start":{"line":15,"column":15},"end":{"line":15,"column":38}},{"start":{"line":15,"column":42},"end":{"line":15,"column":68}}]},"6":{"loc":{"start":{"line":16,"column":14},"end":{"line":16,"column":51}},"type":"binary-expr","locations":[{"start":{"line":16,"column":14},"end":{"line":16,"column":36}},{"start":{"line":16,"column":40},"end":{"line":16,"column":51}}]},"7":{"loc":{"start":{"line":17,"column":12},"end":{"line":17,"column":49}},"type":"binary-expr","locations":[{"start":{"line":17,"column":12},"end":{"line":17,"column":32}},{"start":{"line":17,"column":36},"end":{"line":17,"column":49}}]},"8":{"loc":{"start":{"line":18,"column":22},"end":{"line":18,"column":69}},"type":"binary-expr","locations":[{"start":{"line":18,"column":22},"end":{"line":18,"column":52}},{"start":{"line":18,"column":56},"end":{"line":18,"column":69}}]},"9":{"loc":{"start":{"line":19,"column":18},"end":{"line":19,"column":50}},"type":"binary-expr","locations":[{"start":{"line":19,"column":18},"end":{"line":19,"column":44}},{"start":{"line":19,"column":48},"end":{"line":19,"column":50}}]},"10":{"loc":{"start":{"line":20,"column":20},"end":{"line":20,"column":54}},"type":"binary-expr","locations":[{"start":{"line":20,"column":20},"end":{"line":20,"column":48}},{"start":{"line":20,"column":52},"end":{"line":20,"column":54}}]},"11":{"loc":{"start":{"line":21,"column":23},"end":{"line":21,"column":82}},"type":"binary-expr","locations":[{"start":{"line":21,"column":23},"end":{"line":21,"column":54}},{"start":{"line":21,"column":58},"end":{"line":21,"column":82}}]},"12":{"loc":{"start":{"line":22,"column":16},"end":{"line":22,"column":67}},"type":"binary-expr","locations":[{"start":{"line":22,"column":16},"end":{"line":22,"column":40}},{"start":{"line":22,"column":44},"end":{"line":22,"column":67}}]},"13":{"loc":{"start":{"line":23,"column":15},"end":{"line":23,"column":65}},"type":"binary-expr","locations":[{"start":{"line":23,"column":15},"end":{"line":23,"column":38}},{"start":{"line":23,"column":42},"end":{"line":23,"column":65}}]},"14":{"loc":{"start":{"line":29,"column":4},"end":{"line":31,"column":5}},"type":"if","locations":[{"start":{"line":29,"column":4},"end":{"line":31,"column":5}}]}},"s":{"0":2,"1":2,"2":2,"3":2,"4":1,"5":1,"6":1,"7":0,"8":2},"f":{"0":1,"1":1},"b":{"0":[2,2],"1":[2,0],"2":[2,2],"3":[2,2],"4":[2,0],"5":[2,0],"6":[2,0],"7":[2,0],"8":[2,0],"9":[2,2],"10":[2,0],"11":[2,0],"12":[2,2],"13":[2,2],"14":[0]}}
,"N:\\AI_powered_job_board\\backend\\src\\controllers\\application.controller.ts": {"path":"N:\\AI_powered_job_board\\backend\\src\\controllers\\application.controller.ts","statementMap":{"0":{"start":{"line":2,"column":0},"end":{"line":2,"column":24}},"1":{"start":{"line":4,"column":0},"end":{"line":4,"column":69}},"2":{"start":{"line":5,"column":0},"end":{"line":5,"column":43}},"3":{"start":{"line":7,"column":20},"end":{"line":9,"column":2}},"4":{"start":{"line":11,"column":21},"end":{"line":22,"column":2}},"5":{"start":{"line":26,"column":22},"end":{"line":26,"column":49}},"6":{"start":{"line":27,"column":19},"end":{"line":27,"column":31}},"7":{"start":{"line":28,"column":24},"end":{"line":28,"column":69}},"8":{"start":{"line":29,"column":4},"end":{"line":29,"column":38}},"9":{"start":{"line":33,"column":25},"end":{"line":33,"column":81}},"10":{"start":{"line":34,"column":4},"end":{"line":34,"column":27}},"11":{"start":{"line":38,"column":23},"end":{"line":40,"column":null}},"12":{"start":{"line":42,"column":4},"end":{"line":42,"column":25}},"13":{"start":{"line":46,"column":23},"end":{"line":46,"column":51}},"14":{"start":{"line":47,"column":24},"end":{"line":50,"column":null}},"15":{"start":{"line":52,"column":4},"end":{"line":52,"column":26}},"16":{"start":{"line":56,"column":4},"end":{"line":56,"column":77}},"17":{"start":{"line":57,"column":4},"end":{"line":57,"column":27}},"18":{"start":{"line":61,"column":20},"end":{"line":64,"column":null}},"19":{"start":{"line":66,"column":4},"end":{"line":66,"column":22}},"20":{"start":{"line":24,"column":0},"end":{"line":24,"column":13}},"21":{"start":{"line":70,"column":13},"end":{"line":70,"column":65}}},"fnMap":{"0":{"name":"(anonymous_0)","decl":{"start":{"line":25,"column":2},"end":{"line":25,"column":7}},"loc":{"start":{"line":25,"column":45},"end":{"line":30,"column":3}}},"1":{"name":"(anonymous_1)","decl":{"start":{"line":32,"column":2},"end":{"line":32,"column":7}},"loc":{"start":{"line":32,"column":57},"end":{"line":35,"column":3}}},"2":{"name":"(anonymous_2)","decl":{"start":{"line":37,"column":2},"end":{"line":37,"column":7}},"loc":{"start":{"line":37,"column":56},"end":{"line":43,"column":3}}},"3":{"name":"(anonymous_3)","decl":{"start":{"line":45,"column":2},"end":{"line":45,"column":7}},"loc":{"start":{"line":45,"column":52},"end":{"line":53,"column":3}}},"4":{"name":"(anonymous_4)","decl":{"start":{"line":55,"column":2},"end":{"line":55,"column":7}},"loc":{"start":{"line":55,"column":48},"end":{"line":58,"column":3}}},"5":{"name":"(anonymous_5)","decl":{"start":{"line":60,"column":2},"end":{"line":60,"column":7}},"loc":{"start":{"line":60,"column":50},"end":{"line":67,"column":3}}}},"branchMap":{},"s":{"0":1,"1":1,"2":1,"3":1,"4":1,"5":0,"6":0,"7":0,"8":0,"9":0,"10":0,"11":0,"12":0,"13":0,"14":0,"15":0,"16":0,"17":0,"18":0,"19":0,"20":1,"21":1},"f":{"0":0,"1":0,"2":0,"3":0,"4":0,"5":0},"b":{}}
,"N:\\AI_powered_job_board\\backend\\src\\controllers\\auth.controller.ts": {"path":"N:\\AI_powered_job_board\\backend\\src\\controllers\\auth.controller.ts","statementMap":{"0":{"start":{"line":2,"column":0},"end":{"line":2,"column":24}},"1":{"start":{"line":3,"column":0},"end":{"line":3,"column":55}},"2":{"start":{"line":4,"column":0},"end":{"line":4,"column":65}},"3":{"start":{"line":5,"column":0},"end":{"line":5,"column":51}},"4":{"start":{"line":7,"column":32},"end":{"line":11,"column":2}},"5":{"start":{"line":13,"column":31},"end":{"line":17,"column":2}},"6":{"start":{"line":19,"column":20},"end":{"line":22,"column":2}},"7":{"start":{"line":24,"column":22},"end":{"line":26,"column":2}},"8":{"start":{"line":30,"column":17},"end":{"line":30,"column":56}},"9":{"start":{"line":31,"column":19},"end":{"line":31,"column":60}},"10":{"start":{"line":32,"column":4},"end":{"line":32,"column":33}},"11":{"start":{"line":36,"column":17},"end":{"line":36,"column":55}},"12":{"start":{"line":37,"column":19},"end":{"line":37,"column":59}},"13":{"start":{"line":38,"column":4},"end":{"line":38,"column":33}},"14":{"start":{"line":42,"column":32},"end":{"line":42,"column":59}},"15":{"start":{"line":43,"column":19},"end":{"line":43,"column":59}},"16":{"start":{"line":44,"column":4},"end":{"line":44,"column":21}},"17":{"start":{"line":48,"column":29},"end":{"line":48,"column":58}},"18":{"start":{"line":49,"column":19},"end":{"line":49,"column":69}},"19":{"start":{"line":50,"column":4},"end":{"line":50,"column":21}},"20":{"start":{"line":54,"column":29},"end":{"line":54,"column":58}},"21":{"start":{"line":55,"column":4},"end":{"line":55,"column":58}},"22":{"start":{"line":56,"column":4},"end":{"line":56,"column":27}},"23":{"start":{"line":28,"column":0},"end":{"line":28,"column":13}},"24":{"start":{"line":60,"column":13},"end":{"line":60,"column":51}}},"fnMap":{"0":{"name":"(anonymous_0)","decl":{"start":{"line":29,"column":2},"end":{"line":29,"column":7}},"loc":{"start":{"line":29,"column":53},"end":{"line":33,"column":3}}},"1":{"name":"(anonymous_1)","decl":{"start":{"line":35,"column":2},"end":{"line":35,"column":7}},"loc":{"start":{"line":35,"column":52},"end":{"line":39,"column":3}}},"2":{"name":"(anonymous_2)","decl":{"start":{"line":41,"column":2},"end":{"line":41,"column":7}},"loc":{"start":{"line":41,"column":41},"end":{"line":45,"column":3}}},"3":{"name":"(anonymous_3)","decl":{"start":{"line":47,"column":2},"end":{"line":47,"column":7}},"loc":{"start":{"line":47,"column":43},"end":{"line":51,"column":3}}},"4":{"name":"(anonymous_4)","decl":{"start":{"line":53,"column":2},"end":{"line":53,"column":7}},"loc":{"start":{"line":53,"column":42},"end":{"line":57,"column":3}}}},"branchMap":{},"s":{"0":1,"1":1,"2":1,"3":1,"4":1,"5":1,"6":1,"7":1,"8":1,"9":0,"10":0,"11":0,"12":0,"13":0,"14":1,"15":1,"16":0,"17":0,"18":0,"19":0,"20":0,"21":0,"22":0,"23":1,"24":1},"f":{"0":1,"1":0,"2":1,"3":0,"4":0},"b":{}}
,"N:\\AI_powered_job_board\\backend\\src\\controllers\\dashboard.controller.ts": {"path":"N:\\AI_powered_job_board\\backend\\src\\controllers\\dashboard.controller.ts","statementMap":{"0":{"start":{"line":3,"column":0},"end":{"line":3,"column":65}},"1":{"start":{"line":7,"column":17},"end":{"line":7,"column":75}},"2":{"start":{"line":8,"column":4},"end":{"line":8,"column":19}},"3":{"start":{"line":12,"column":17},"end":{"line":12,"column":74}},"4":{"start":{"line":13,"column":4},"end":{"line":13,"column":19}},"5":{"start":{"line":17,"column":17},"end":{"line":17,"column":59}},"6":{"start":{"line":18,"column":4},"end":{"line":18,"column":19}},"7":{"start":{"line":5,"column":0},"end":{"line":5,"column":13}},"8":{"start":{"line":22,"column":13},"end":{"line":22,"column":61}}},"fnMap":{"0":{"name":"(anonymous_0)","decl":{"start":{"line":6,"column":2},"end":{"line":6,"column":7}},"loc":{"start":{"line":6,"column":49},"end":{"line":9,"column":3}}},"1":{"name":"(anonymous_1)","decl":{"start":{"line":11,"column":2},"end":{"line":11,"column":7}},"loc":{"start":{"line":11,"column":48},"end":{"line":14,"column":3}}},"2":{"name":"(anonymous_2)","decl":{"start":{"line":16,"column":2},"end":{"line":16,"column":7}},"loc":{"start":{"line":16,"column":46},"end":{"line":19,"column":3}}}},"branchMap":{},"s":{"0":1,"1":0,"2":0,"3":0,"4":0,"5":0,"6":0,"7":1,"8":1},"f":{"0":0,"1":0,"2":0},"b":{}}
,"N:\\AI_powered_job_board\\backend\\src\\controllers\\job.controller.ts": {"path":"N:\\AI_powered_job_board\\backend\\src\\controllers\\job.controller.ts","statementMap":{"0":{"start":{"line":2,"column":0},"end":{"line":2,"column":24}},"1":{"start":{"line":3,"column":0},"end":{"line":3,"column":53}},"2":{"start":{"line":5,"column":0},"end":{"line":5,"column":43}},"3":{"start":{"line":7,"column":24},"end":{"line":17,"column":2}},"4":{"start":{"line":19,"column":24},"end":{"line":19,"column":49}},"5":{"start":{"line":21,"column":21},"end":{"line":23,"column":2}},"6":{"start":{"line":27,"column":4},"end":{"line":36,"column":5}},"7":{"start":{"line":28,"column":19},"end":{"line":28,"column":50}},"8":{"start":{"line":29,"column":21},"end":{"line":29,"column":33}},"9":{"start":{"line":30,"column":6},"end":{"line":30,"column":61}},"10":{"start":{"line":30,"column":19},"end":{"line":30,"column":61}},"11":{"start":{"line":32,"column":18},"end":{"line":32,"column":58}},"12":{"start":{"line":33,"column":6},"end":{"line":33,"column":32}},"13":{"start":{"line":35,"column":6},"end":{"line":35,"column":53}},"14":{"start":{"line":40,"column":4},"end":{"line":49,"column":5}},"15":{"start":{"line":41,"column":21},"end":{"line":41,"column":30}},"16":{"start":{"line":42,"column":22},"end":{"line":42,"column":42}},"17":{"start":{"line":43,"column":20},"end":{"line":43,"column":42}},"18":{"start":{"line":45,"column":21},"end":{"line":45,"column":68}},"19":{"start":{"line":46,"column":6},"end":{"line":46,"column":23}},"20":{"start":{"line":48,"column":6},"end":{"line":48,"column":53}},"21":{"start":{"line":53,"column":4},"end":{"line":60,"column":5}},"22":{"start":{"line":54,"column":22},"end":{"line":54,"column":42}},"23":{"start":{"line":55,"column":20},"end":{"line":55,"column":42}},"24":{"start":{"line":56,"column":18},"end":{"line":56,"column":84}},"25":{"start":{"line":57,"column":6},"end":{"line":57,"column":20}},"26":{"start":{"line":59,"column":6},"end":{"line":59,"column":53}},"27":{"start":{"line":64,"column":4},"end":{"line":73,"column":5}},"28":{"start":{"line":65,"column":19},"end":{"line":65,"column":50}},"29":{"start":{"line":66,"column":21},"end":{"line":66,"column":33}},"30":{"start":{"line":67,"column":6},"end":{"line":67,"column":61}},"31":{"start":{"line":67,"column":19},"end":{"line":67,"column":61}},"32":{"start":{"line":69,"column":18},"end":{"line":69,"column":83}},"33":{"start":{"line":70,"column":6},"end":{"line":70,"column":20}},"34":{"start":{"line":72,"column":6},"end":{"line":72,"column":53}},"35":{"start":{"line":77,"column":4},"end":{"line":85,"column":5}},"36":{"start":{"line":78,"column":21},"end":{"line":78,"column":33}},"37":{"start":{"line":79,"column":6},"end":{"line":79,"column":61}},"38":{"start":{"line":79,"column":19},"end":{"line":79,"column":61}},"39":{"start":{"line":81,"column":6},"end":{"line":81,"column":66}},"40":{"start":{"line":82,"column":6},"end":{"line":82,"column":29}},"41":{"start":{"line":84,"column":6},"end":{"line":84,"column":53}},"42":{"start":{"line":89,"column":4},"end":{"line":98,"column":5}},"43":{"start":{"line":90,"column":25},"end":{"line":90,"column":53}},"44":{"start":{"line":91,"column":21},"end":{"line":91,"column":33}},"45":{"start":{"line":92,"column":6},"end":{"line":92,"column":61}},"46":{"start":{"line":92,"column":19},"end":{"line":92,"column":61}},"47":{"start":{"line":94,"column":18},"end":{"line":94,"column":91}},"48":{"start":{"line":95,"column":6},"end":{"line":95,"column":20}},"49":{"start":{"line":97,"column":6},"end":{"line":97,"column":53}},"50":{"start":{"line":25,"column":0},"end":{"line":25,"column":13}},"51":{"start":{"line":102,"column":13},"end":{"line":102,"column":49}}},"fnMap":{"0":{"name":"(anonymous_0)","decl":{"start":{"line":26,"column":2},"end":{"line":26,"column":7}},"loc":{"start":{"line":26,"column":46},"end":{"line":37,"column":3}}},"1":{"name":"(anonymous_1)","decl":{"start":{"line":39,"column":2},"end":{"line":39,"column":7}},"loc":{"start":{"line":39,"column":40},"end":{"line":50,"column":3}}},"2":{"name":"(anonymous_2)","decl":{"start":{"line":52,"column":2},"end":{"line":52,"column":7}},"loc":{"start":{"line":52,"column":43},"end":{"line":61,"column":3}}},"3":{"name":"(anonymous_3)","decl":{"start":{"line":63,"column":2},"end":{"line":63,"column":7}},"loc":{"start":{"line":63,"column":46},"end":{"line":74,"column":3}}},"4":{"name":"(anonymous_4)","decl":{"start":{"line":76,"column":2},"end":{"line":76,"column":7}},"loc":{"start":{"line":76,"column":46},"end":{"line":86,"column":3}}},"5":{"name":"(anonymous_5)","decl":{"start":{"line":88,"column":2},"end":{"line":88,"column":7}},"loc":{"start":{"line":88,"column":52},"end":{"line":99,"column":3}}}},"branchMap":{"0":{"loc":{"start":{"line":30,"column":6},"end":{"line":30,"column":61}},"type":"if","locations":[{"start":{"line":30,"column":6},"end":{"line":30,"column":61}}]},"1":{"loc":{"start":{"line":67,"column":6},"end":{"line":67,"column":61}},"type":"if","locations":[{"start":{"line":67,"column":6},"end":{"line":67,"column":61}}]},"2":{"loc":{"start":{"line":79,"column":6},"end":{"line":79,"column":61}},"type":"if","locations":[{"start":{"line":79,"column":6},"end":{"line":79,"column":61}}]},"3":{"loc":{"start":{"line":92,"column":6},"end":{"line":92,"column":61}},"type":"if","locations":[{"start":{"line":92,"column":6},"end":{"line":92,"column":61}}]}},"s":{"0":1,"1":1,"2":1,"3":1,"4":1,"5":1,"6":0,"7":0,"8":0,"9":0,"10":0,"11":0,"12":0,"13":0,"14":0,"15":0,"16":0,"17":0,"18":0,"19":0,"20":0,"21":0,"22":0,"23":0,"24":0,"25":0,"26":0,"27":0,"28":0,"29":0,"30":0,"31":0,"32":0,"33":0,"34":0,"35":0,"36":0,"37":0,"38":0,"39":0,"40":0,"41":0,"42":0,"43":0,"44":0,"45":0,"46":0,"47":0,"48":0,"49":0,"50":1,"51":1},"f":{"0":0,"1":0,"2":0,"3":0,"4":0,"5":0},"b":{"0":[0],"1":[0],"2":[0],"3":[0]}}
,"N:\\AI_powered_job_board\\backend\\src\\controllers\\resume.controller.ts": {"path":"N:\\AI_powered_job_board\\backend\\src\\controllers\\resume.controller.ts","statementMap":{"0":{"start":{"line":2,"column":0},"end":{"line":2,"column":28}},"1":{"start":{"line":3,"column":0},"end":{"line":3,"column":24}},"2":{"start":{"line":4,"column":0},"end":{"line":4,"column":20}},"3":{"start":{"line":5,"column":0},"end":{"line":5,"column":59}},"4":{"start":{"line":6,"column":0},"end":{"line":6,"column":69}},"5":{"start":{"line":8,"column":0},"end":{"line":8,"column":58}},"6":{"start":{"line":9,"column":0},"end":{"line":9,"column":62}},"7":{"start":{"line":11,"column":18},"end":{"line":11,"column":55}},"8":{"start":{"line":12,"column":0},"end":{"line":14,"column":1}},"9":{"start":{"line":13,"column":2},"end":{"line":13,"column":47}},"10":{"start":{"line":16,"column":16},"end":{"line":22,"column":2}},"11":{"start":{"line":17,"column":36},"end":{"line":17,"column":55}},"12":{"start":{"line":19,"column":25},"end":{"line":19,"column":75}},"13":{"start":{"line":20,"column":4},"end":{"line":20,"column":73}},"14":{"start":{"line":24,"column":13},"end":{"line":38,"column":3}},"15":{"start":{"line":28,"column":25},"end":{"line":31,"column":6}},"16":{"start":{"line":32,"column":4},"end":{"line":36,"column":5}},"17":{"start":{"line":33,"column":6},"end":{"line":33,"column":21}},"18":{"start":{"line":35,"column":6},"end":{"line":35,"column":73}},"19":{"start":{"line":42,"column":4},"end":{"line":42,"column":55}},"20":{"start":{"line":42,"column":19},"end":{"line":42,"column":55}},"21":{"start":{"line":44,"column":19},"end":{"line":44,"column":76}},"22":{"start":{"line":45,"column":4},"end":{"line":48,"column":7}},"23":{"start":{"line":52,"column":19},"end":{"line":52,"column":68}},"24":{"start":{"line":53,"column":4},"end":{"line":53,"column":61}},"25":{"start":{"line":53,"column":17},"end":{"line":53,"column":61}},"26":{"start":{"line":54,"column":4},"end":{"line":54,"column":21}},"27":{"start":{"line":58,"column":4},"end":{"line":58,"column":56}},"28":{"start":{"line":59,"column":4},"end":{"line":59,"column":27}},"29":{"start":{"line":63,"column":19},"end":{"line":63,"column":46}},"30":{"start":{"line":65,"column":4},"end":{"line":67,"column":5}},"31":{"start":{"line":66,"column":6},"end":{"line":66,"column":66}},"32":{"start":{"line":69,"column":19},"end":{"line":69,"column":62}},"33":{"start":{"line":70,"column":4},"end":{"line":70,"column":61}},"34":{"start":{"line":70,"column":17},"end":{"line":70,"column":61}},"35":{"start":{"line":72,"column":25},"end":{"line":72,"column":73}},"36":{"start":{"line":73,"column":4},"end":{"line":73,"column":31}},"37":{"start":{"line":40,"column":0},"end":{"line":40,"column":13}},"38":{"start":{"line":77,"column":13},"end":{"line":77,"column":55}}},"fnMap":{"0":{"name":"(anonymous_1)","decl":{"start":{"line":17,"column":15},"end":{"line":17,"column":16}},"loc":{"start":{"line":17,"column":36},"end":{"line":17,"column":55}}},"1":{"name":"(anonymous_2)","decl":{"start":{"line":18,"column":12},"end":{"line":18,"column":13}},"loc":{"start":{"line":18,"column":31},"end":{"line":21,"column":3}}},"2":{"name":"(anonymous_3)","decl":{"start":{"line":27,"column":14},"end":{"line":27,"column":15}},"loc":{"start":{"line":27,"column":33},"end":{"line":37,"column":3}}},"3":{"name":"(anonymous_4)","decl":{"start":{"line":41,"column":2},"end":{"line":41,"column":7}},"loc":{"start":{"line":41,"column":46},"end":{"line":49,"column":3}}},"4":{"name":"(anonymous_5)","decl":{"start":{"line":51,"column":2},"end":{"line":51,"column":7}},"loc":{"start":{"line":51,"column":49},"end":{"line":55,"column":3}}},"5":{"name":"(anonymous_6)","decl":{"start":{"line":57,"column":2},"end":{"line":57,"column":7}},"loc":{"start":{"line":57,"column":52},"end":{"line":60,"column":3}}},"6":{"name":"(anonymous_7)","decl":{"start":{"line":62,"column":2},"end":{"line":62,"column":7}},"loc":{"start":{"line":62,"column":54},"end":{"line":74,"column":3}}}},"branchMap":{"0":{"loc":{"start":{"line":12,"column":0},"end":{"line":14,"column":1}},"type":"if","locations":[{"start":{"line":12,"column":0},"end":{"line":14,"column":1}}]},"1":{"loc":{"start":{"line":32,"column":4},"end":{"line":36,"column":5}},"type":"if","locations":[{"start":{"line":32,"column":4},"end":{"line":36,"column":5}},{"start":{"line":34,"column":11},"end":{"line":36,"column":5}}]},"2":{"loc":{"start":{"line":42,"column":4},"end":{"line":42,"column":55}},"type":"if","locations":[{"start":{"line":42,"column":4},"end":{"line":42,"column":55}}]},"3":{"loc":{"start":{"line":53,"column":4},"end":{"line":53,"column":61}},"type":"if","locations":[{"start":{"line":53,"column":4},"end":{"line":53,"column":61}}]},"4":{"loc":{"start":{"line":65,"column":4},"end":{"line":67,"column":5}},"type":"if","locations":[{"start":{"line":65,"column":4},"end":{"line":67,"column":5}}]},"5":{"loc":{"start":{"line":65,"column":8},"end":{"line":65,"column":64}},"type":"binary-expr","locations":[{"start":{"line":65,"column":8},"end":{"line":65,"column":37}},{"start":{"line":65,"column":41},"end":{"line":65,"column":64}}]},"6":{"loc":{"start":{"line":70,"column":4},"end":{"line":70,"column":61}},"type":"if","locations":[{"start":{"line":70,"column":4},"end":{"line":70,"column":61}}]}},"s":{"0":1,"1":1,"2":1,"3":1,"4":1,"5":1,"6":1,"7":1,"8":1,"9":0,"10":1,"11":0,"12":0,"13":0,"14":1,"15":0,"16":0,"17":0,"18":0,"19":0,"20":0,"21":0,"22":0,"23":0,"24":0,"25":0,"26":0,"27":0,"28":0,"29":0,"30":0,"31":0,"32":0,"33":0,"34":0,"35":0,"36":0,"37":1,"38":1},"f":{"0":0,"1":0,"2":0,"3":0,"4":0,"5":0,"6":0},"b":{"0":[0],"1":[0,0],"2":[0],"3":[0],"4":[0],"5":[0,0],"6":[0]}}
,"N:\\AI_powered_job_board\\backend\\src\\controllers\\search.controller.ts": {"path":"N:\\AI_powered_job_board\\backend\\src\\controllers\\search.controller.ts","statementMap":{"0":{"start":{"line":2,"column":0},"end":{"line":2,"column":24}},"1":{"start":{"line":3,"column":0},"end":{"line":3,"column":59}},"2":{"start":{"line":5,"column":21},"end":{"line":9,"column":2}},"3":{"start":{"line":13,"column":31},"end":{"line":13,"column":60}},"4":{"start":{"line":14,"column":19},"end":{"line":14,"column":69}},"5":{"start":{"line":15,"column":4},"end":{"line":15,"column":21}},"6":{"start":{"line":11,"column":0},"end":{"line":11,"column":13}},"7":{"start":{"line":19,"column":13},"end":{"line":19,"column":55}}},"fnMap":{"0":{"name":"(anonymous_0)","decl":{"start":{"line":12,"column":2},"end":{"line":12,"column":7}},"loc":{"start":{"line":12,"column":42},"end":{"line":16,"column":3}}}},"branchMap":{},"s":{"0":1,"1":1,"2":1,"3":0,"4":0,"5":0,"6":1,"7":1},"f":{"0":0},"b":{}}
,"N:\\AI_powered_job_board\\backend\\src\\jobs\\jobQueue.ts": {"path":"N:\\AI_powered_job_board\\backend\\src\\jobs\\jobQueue.ts","statementMap":{"0":{"start":{"line":3,"column":55},"end":{"line":3,"column":57}},"1":{"start":{"line":4,"column":17},"end":{"line":4,"column":22}},"2":{"start":{"line":6,"column":26},"end":{"line":9,"column":1}},"3":{"start":{"line":7,"column":2},"end":{"line":7,"column":32}},"4":{"start":{"line":8,"column":2},"end":{"line":8,"column":22}},"5":{"start":{"line":6,"column":13},"end":{"line":6,"column":26}},"6":{"start":{"line":11,"column":21},"end":{"line":27,"column":1}},"7":{"start":{"line":12,"column":2},"end":{"line":12,"column":25}},"8":{"start":{"line":12,"column":18},"end":{"line":12,"column":25}},"9":{"start":{"line":13,"column":2},"end":{"line":13,"column":20}},"10":{"start":{"line":15,"column":2},"end":{"line":24,"column":3}},"11":{"start":{"line":16,"column":16},"end":{"line":16,"column":29}},"12":{"start":{"line":17,"column":4},"end":{"line":17,"column":23}},"13":{"start":{"line":17,"column":14},"end":{"line":17,"column":23}},"14":{"start":{"line":19,"column":4},"end":{"line":23,"column":5}},"15":{"start":{"line":20,"column":6},"end":{"line":20,"column":26}},"16":{"start":{"line":22,"column":6},"end":{"line":22,"column":67}},"17":{"start":{"line":26,"column":2},"end":{"line":26,"column":21}}},"fnMap":{"0":{"name":"(anonymous_0)","decl":{"start":{"line":6,"column":26},"end":{"line":6,"column":27}},"loc":{"start":{"line":6,"column":70},"end":{"line":9,"column":1}}},"1":{"name":"(anonymous_1)","decl":{"start":{"line":11,"column":21},"end":{"line":11,"column":26}},"loc":{"start":{"line":11,"column":47},"end":{"line":27,"column":1}}}},"branchMap":{"0":{"loc":{"start":{"line":12,"column":2},"end":{"line":12,"column":25}},"type":"if","locations":[{"start":{"line":12,"column":2},"end":{"line":12,"column":25}}]},"1":{"loc":{"start":{"line":17,"column":4},"end":{"line":17,"column":23}},"type":"if","locations":[{"start":{"line":17,"column":4},"end":{"line":17,"column":23}}]}},"s":{"0":1,"1":1,"2":1,"3":0,"4":0,"5":1,"6":1,"7":0,"8":0,"9":0,"10":0,"11":0,"12":0,"13":0,"14":0,"15":0,"16":0,"17":0},"f":{"0":0,"1":0},"b":{"0":[0],"1":[0]}}
,"N:\\AI_powered_job_board\\backend\\src\\middleware\\auth.middleware.ts": {"path":"N:\\AI_powered_job_board\\backend\\src\\middleware\\auth.middleware.ts","statementMap":{"0":{"start":{"line":2,"column":0},"end":{"line":2,"column":31}},"1":{"start":{"line":3,"column":0},"end":{"line":3,"column":36}},"2":{"start":{"line":13,"column":28},"end":{"line":34,"column":1}},"3":{"start":{"line":14,"column":14},"end":{"line":14,"column":51}},"4":{"start":{"line":16,"column":2},"end":{"line":21,"column":3}},"5":{"start":{"line":17,"column":23},"end":{"line":17,"column":48}},"6":{"start":{"line":18,"column":4},"end":{"line":20,"column":5}},"7":{"start":{"line":19,"column":6},"end":{"line":19,"column":39}},"8":{"start":{"line":23,"column":2},"end":{"line":25,"column":3}},"9":{"start":{"line":24,"column":4},"end":{"line":24,"column":75}},"10":{"start":{"line":27,"column":2},"end":{"line":33,"column":3}},"11":{"start":{"line":28,"column":20},"end":{"line":28,"column":88}},"12":{"start":{"line":29,"column":4},"end":{"line":29,"column":55}},"13":{"start":{"line":30,"column":4},"end":{"line":30,"column":11}},"14":{"start":{"line":32,"column":4},"end":{"line":32,"column":71}},"15":{"start":{"line":13,"column":13},"end":{"line":13,"column":28}},"16":{"start":{"line":36,"column":28},"end":{"line":52,"column":1}},"17":{"start":{"line":37,"column":21},"end":{"line":37,"column":46}},"18":{"start":{"line":38,"column":2},"end":{"line":40,"column":3}},"19":{"start":{"line":39,"column":4},"end":{"line":39,"column":18}},"20":{"start":{"line":42,"column":16},"end":{"line":42,"column":40}},"21":{"start":{"line":44,"column":2},"end":{"line":49,"column":3}},"22":{"start":{"line":45,"column":20},"end":{"line":45,"column":88}},"23":{"start":{"line":46,"column":4},"end":{"line":46,"column":55}},"24":{"start":{"line":51,"column":2},"end":{"line":51,"column":16}},"25":{"start":{"line":36,"column":13},"end":{"line":36,"column":28}},"26":{"start":{"line":54,"column":25},"end":{"line":66,"column":1}},"27":{"start":{"line":55,"column":2},"end":{"line":65,"column":4}},"28":{"start":{"line":56,"column":4},"end":{"line":58,"column":5}},"29":{"start":{"line":57,"column":6},"end":{"line":57,"column":71}},"30":{"start":{"line":60,"column":4},"end":{"line":62,"column":5}},"31":{"start":{"line":61,"column":6},"end":{"line":61,"column":66}},"32":{"start":{"line":64,"column":4},"end":{"line":64,"column":11}},"33":{"start":{"line":54,"column":13},"end":{"line":54,"column":25}}},"fnMap":{"0":{"name":"(anonymous_1)","decl":{"start":{"line":13,"column":28},"end":{"line":13,"column":29}},"loc":{"start":{"line":13,"column":84},"end":{"line":34,"column":1}}},"1":{"name":"(anonymous_2)","decl":{"start":{"line":36,"column":28},"end":{"line":36,"column":29}},"loc":{"start":{"line":36,"column":84},"end":{"line":52,"column":1}}},"2":{"name":"(anonymous_3)","decl":{"start":{"line":54,"column":25},"end":{"line":54,"column":26}},"loc":{"start":{"line":54,"column":57},"end":{"line":66,"column":1}}},"3":{"name":"(anonymous_4)","decl":{"start":{"line":55,"column":9},"end":{"line":55,"column":10}},"loc":{"start":{"line":55,"column":65},"end":{"line":65,"column":3}}}},"branchMap":{"0":{"loc":{"start":{"line":16,"column":2},"end":{"line":21,"column":3}},"type":"if","locations":[{"start":{"line":16,"column":2},"end":{"line":21,"column":3}}]},"1":{"loc":{"start":{"line":18,"column":4},"end":{"line":20,"column":5}},"type":"if","locations":[{"start":{"line":18,"column":4},"end":{"line":20,"column":5}}]},"2":{"loc":{"start":{"line":18,"column":8},"end":{"line":18,"column":54}},"type":"binary-expr","locations":[{"start":{"line":18,"column":8},"end":{"line":18,"column":18}},{"start":{"line":18,"column":22},"end":{"line":18,"column":54}}]},"3":{"loc":{"start":{"line":23,"column":2},"end":{"line":25,"column":3}},"type":"if","locations":[{"start":{"line":23,"column":2},"end":{"line":25,"column":3}}]},"4":{"loc":{"start":{"line":38,"column":2},"end":{"line":40,"column":3}},"type":"if","locations":[{"start":{"line":38,"column":2},"end":{"line":40,"column":3}}]},"5":{"loc":{"start":{"line":38,"column":6},"end":{"line":38,"column":54}},"type":"binary-expr","locations":[{"start":{"line":38,"column":6},"end":{"line":38,"column":17}},{"start":{"line":38,"column":21},"end":{"line":38,"column":54}}]},"6":{"loc":{"start":{"line":56,"column":4},"end":{"line":58,"column":5}},"type":"if","locations":[{"start":{"line":56,"column":4},"end":{"line":58,"column":5}}]},"7":{"loc":{"start":{"line":60,"column":4},"end":{"line":62,"column":5}},"type":"if","locations":[{"start":{"line":60,"column":4},"end":{"line":62,"column":5}}]}},"s":{"0":1,"1":1,"2":1,"3":0,"4":0,"5":0,"6":0,"7":0,"8":0,"9":0,"10":0,"11":0,"12":0,"13":0,"14":0,"15":1,"16":1,"17":0,"18":0,"19":0,"20":0,"21":0,"22":0,"23":0,"24":0,"25":1,"26":1,"27":11,"28":0,"29":0,"30":0,"31":0,"32":0,"33":1},"f":{"0":0,"1":0,"2":11,"3":0},"b":{"0":[0],"1":[0],"2":[0,0],"3":[0],"4":[0],"5":[0,0],"6":[0],"7":[0]}}
,"N:\\AI_powered_job_board\\backend\\src\\middleware\\error.middleware.ts": {"path":"N:\\AI_powered_job_board\\backend\\src\\middleware\\error.middleware.ts","statementMap":{"0":{"start":{"line":2,"column":0},"end":{"line":2,"column":31}},"1":{"start":{"line":9,"column":4},"end":{"line":9,"column":19}},"2":{"start":{"line":6,"column":11},"end":{"line":6,"column":29}},"3":{"start":{"line":10,"column":4},"end":{"line":10,"column":27}},"4":{"start":{"line":4,"column":0},"end":{"line":4,"column":13}},"5":{"start":{"line":14,"column":28},"end":{"line":36,"column":1}},"6":{"start":{"line":20,"column":2},"end":{"line":28,"column":3}},"7":{"start":{"line":21,"column":4},"end":{"line":27,"column":7}},"8":{"start":{"line":23,"column":42},"end":{"line":26,"column":8}},"9":{"start":{"line":30,"column":2},"end":{"line":32,"column":3}},"10":{"start":{"line":31,"column":4},"end":{"line":31,"column":67}},"11":{"start":{"line":34,"column":2},"end":{"line":34,"column":21}},"12":{"start":{"line":35,"column":2},"end":{"line":35,"column":66}},"13":{"start":{"line":14,"column":13},"end":{"line":14,"column":28}}},"fnMap":{"0":{"name":"(anonymous_0)","decl":{"start":{"line":5,"column":2},"end":{"line":5,"column":null}},"loc":{"start":{"line":7,"column":19},"end":{"line":11,"column":3}}},"1":{"name":"(anonymous_1)","decl":{"start":{"line":14,"column":28},"end":{"line":14,"column":null}},"loc":{"start":{"line":19,"column":4},"end":{"line":36,"column":1}}},"2":{"name":"(anonymous_2)","decl":{"start":{"line":23,"column":30},"end":{"line":23,"column":31}},"loc":{"start":{"line":23,"column":42},"end":{"line":26,"column":8}}}},"branchMap":{"0":{"loc":{"start":{"line":20,"column":2},"end":{"line":28,"column":3}},"type":"if","locations":[{"start":{"line":20,"column":2},"end":{"line":28,"column":3}}]},"1":{"loc":{"start":{"line":30,"column":2},"end":{"line":32,"column":3}},"type":"if","locations":[{"start":{"line":30,"column":2},"end":{"line":32,"column":3}}]}},"s":{"0":1,"1":1,"2":1,"3":1,"4":1,"5":1,"6":2,"7":1,"8":6,"9":1,"10":1,"11":0,"12":0,"13":1},"f":{"0":1,"1":2,"2":6},"b":{"0":[1],"1":[1]}}
,"N:\\AI_powered_job_board\\backend\\src\\middleware\\rateLimit.middleware.ts": {"path":"N:\\AI_powered_job_board\\backend\\src\\middleware\\rateLimit.middleware.ts","statementMap":{"0":{"start":{"line":8,"column":14},"end":{"line":8,"column":47}},"1":{"start":{"line":10,"column":33},"end":{"line":28,"column":1}},"2":{"start":{"line":11,"column":2},"end":{"line":27,"column":4}},"3":{"start":{"line":12,"column":16},"end":{"line":12,"column":39}},"4":{"start":{"line":13,"column":16},"end":{"line":13,"column":26}},"5":{"start":{"line":14,"column":18},"end":{"line":14,"column":32}},"6":{"start":{"line":16,"column":4},"end":{"line":19,"column":5}},"7":{"start":{"line":17,"column":6},"end":{"line":17,"column":60}},"8":{"start":{"line":18,"column":6},"end":{"line":18,"column":20}},"9":{"start":{"line":21,"column":4},"end":{"line":23,"column":5}},"10":{"start":{"line":22,"column":6},"end":{"line":22,"column":91}},"11":{"start":{"line":25,"column":4},"end":{"line":25,"column":21}},"12":{"start":{"line":26,"column":4},"end":{"line":26,"column":18}},"13":{"start":{"line":10,"column":13},"end":{"line":10,"column":33}},"14":{"start":{"line":30,"column":13},"end":{"line":30,"column":69}}},"fnMap":{"0":{"name":"(anonymous_0)","decl":{"start":{"line":10,"column":33},"end":{"line":10,"column":34}},"loc":{"start":{"line":10,"column":75},"end":{"line":28,"column":1}}},"1":{"name":"(anonymous_1)","decl":{"start":{"line":11,"column":9},"end":{"line":11,"column":10}},"loc":{"start":{"line":11,"column":61},"end":{"line":27,"column":3}}}},"branchMap":{"0":{"loc":{"start":{"line":16,"column":4},"end":{"line":19,"column":5}},"type":"if","locations":[{"start":{"line":16,"column":4},"end":{"line":19,"column":5}}]},"1":{"loc":{"start":{"line":16,"column":8},"end":{"line":16,"column":38}},"type":"binary-expr","locations":[{"start":{"line":16,"column":8},"end":{"line":16,"column":14}},{"start":{"line":16,"column":18},"end":{"line":16,"column":38}}]},"2":{"loc":{"start":{"line":21,"column":4},"end":{"line":23,"column":5}},"type":"if","locations":[{"start":{"line":21,"column":4},"end":{"line":23,"column":5}}]}},"s":{"0":1,"1":1,"2":1,"3":2,"4":2,"5":2,"6":2,"7":2,"8":2,"9":0,"10":0,"11":0,"12":0,"13":1,"14":1},"f":{"0":1,"1":2},"b":{"0":[2],"1":[2,0],"2":[0]}}
,"N:\\AI_powered_job_board\\backend\\src\\notifications\\email.service.ts": {"path":"N:\\AI_powered_job_board\\backend\\src\\notifications\\email.service.ts","statementMap":{"0":{"start":{"line":1,"column":0},"end":{"line":1,"column":44}},"1":{"start":{"line":2,"column":0},"end":{"line":2,"column":36}},"2":{"start":{"line":3,"column":0},"end":{"line":3,"column":46}},"3":{"start":{"line":14,"column":110},"end":{"line":53,"column":2}},"4":{"start":{"line":15,"column":27},"end":{"line":18,"column":4}},"5":{"start":{"line":19,"column":29},"end":{"line":22,"column":4}},"6":{"start":{"line":23,"column":36},"end":{"line":26,"column":4}},"7":{"start":{"line":28,"column":18},"end":{"line":28,"column":67}},"8":{"start":{"line":29,"column":18},"end":{"line":29,"column":83}},"9":{"start":{"line":31,"column":4},"end":{"line":37,"column":5}},"10":{"start":{"line":32,"column":6},"end":{"line":32,"column":75}},"11":{"start":{"line":33,"column":6},"end":{"line":33,"column":264}},"12":{"start":{"line":34,"column":11},"end":{"line":37,"column":5}},"13":{"start":{"line":35,"column":6},"end":{"line":35,"column":80}},"14":{"start":{"line":36,"column":6},"end":{"line":36,"column":387}},"15":{"start":{"line":39,"column":4},"end":{"line":39,"column":32}},"16":{"start":{"line":41,"column":34},"end":{"line":44,"column":4}},"17":{"start":{"line":45,"column":35},"end":{"line":48,"column":4}},"18":{"start":{"line":49,"column":25},"end":{"line":52,"column":4}},"19":{"start":{"line":61,"column":4},"end":{"line":84,"column":7}},"20":{"start":{"line":62,"column":23},"end":{"line":62,"column":45}},"21":{"start":{"line":63,"column":19},"end":{"line":63,"column":25}},"22":{"start":{"line":65,"column":6},"end":{"line":74,"column":7}},"23":{"start":{"line":66,"column":8},"end":{"line":70,"column":9}},"24":{"start":{"line":67,"column":10},"end":{"line":67,"column":84}},"25":{"start":{"line":69,"column":10},"end":{"line":69,"column":85}},"26":{"start":{"line":72,"column":8},"end":{"line":72,"column":26}},"27":{"start":{"line":73,"column":8},"end":{"line":73,"column":51}},"28":{"start":{"line":76,"column":6},"end":{"line":83,"column":9}},"29":{"start":{"line":92,"column":21},"end":{"line":104,"column":6}},"30":{"start":{"line":106,"column":4},"end":{"line":108,"column":5}},"31":{"start":{"line":107,"column":6},"end":{"line":107,"column":60}},"32":{"start":{"line":112,"column":4},"end":{"line":114,"column":7}},"33":{"start":{"line":55,"column":0},"end":{"line":55,"column":13}},"34":{"start":{"line":118,"column":13},"end":{"line":118,"column":47}}},"fnMap":{"0":{"name":"(anonymous_0)","decl":{"start":{"line":15,"column":16},"end":{"line":15,"column":17}},"loc":{"start":{"line":15,"column":27},"end":{"line":18,"column":4}}},"1":{"name":"(anonymous_1)","decl":{"start":{"line":19,"column":18},"end":{"line":19,"column":19}},"loc":{"start":{"line":19,"column":29},"end":{"line":22,"column":4}}},"2":{"name":"(anonymous_2)","decl":{"start":{"line":23,"column":25},"end":{"line":23,"column":26}},"loc":{"start":{"line":23,"column":36},"end":{"line":26,"column":4}}},"3":{"name":"(anonymous_3)","decl":{"start":{"line":27,"column":30},"end":{"line":27,"column":31}},"loc":{"start":{"line":27,"column":39},"end":{"line":40,"column":3}}},"4":{"name":"(anonymous_4)","decl":{"start":{"line":41,"column":23},"end":{"line":41,"column":24}},"loc":{"start":{"line":41,"column":34},"end":{"line":44,"column":4}}},"5":{"name":"(anonymous_5)","decl":{"start":{"line":45,"column":24},"end":{"line":45,"column":25}},"loc":{"start":{"line":45,"column":35},"end":{"line":48,"column":4}}},"6":{"name":"(anonymous_6)","decl":{"start":{"line":49,"column":14},"end":{"line":49,"column":15}},"loc":{"start":{"line":49,"column":25},"end":{"line":52,"column":4}}},"7":{"name":"(anonymous_7)","decl":{"start":{"line":56,"column":2},"end":{"line":56,"column":7}},"loc":{"start":{"line":59,"column":32},"end":{"line":85,"column":3}}},"8":{"name":"(anonymous_8)","decl":{"start":{"line":61,"column":46},"end":{"line":61,"column":51}},"loc":{"start":{"line":61,"column":57},"end":{"line":84,"column":5}}},"9":{"name":"(anonymous_9)","decl":{"start":{"line":87,"column":10},"end":{"line":87,"column":15}},"loc":{"start":{"line":90,"column":19},"end":{"line":109,"column":3}}},"10":{"name":"(anonymous_10)","decl":{"start":{"line":111,"column":2},"end":{"line":111,"column":7}},"loc":{"start":{"line":111,"column":58},"end":{"line":115,"column":3}}}},"branchMap":{"0":{"loc":{"start":{"line":31,"column":4},"end":{"line":37,"column":5}},"type":"if","locations":[{"start":{"line":31,"column":4},"end":{"line":37,"column":5}},{"start":{"line":34,"column":11},"end":{"line":37,"column":5}}]},"1":{"loc":{"start":{"line":34,"column":11},"end":{"line":37,"column":5}},"type":"if","locations":[{"start":{"line":34,"column":11},"end":{"line":37,"column":5}}]},"2":{"loc":{"start":{"line":66,"column":8},"end":{"line":70,"column":9}},"type":"if","locations":[{"start":{"line":66,"column":8},"end":{"line":70,"column":9}},{"start":{"line":68,"column":15},"end":{"line":70,"column":9}}]},"3":{"loc":{"start":{"line":106,"column":4},"end":{"line":108,"column":5}},"type":"if","locations":[{"start":{"line":106,"column":4},"end":{"line":108,"column":5}}]}},"s":{"0":1,"1":1,"2":1,"3":1,"4":0,"5":0,"6":0,"7":0,"8":0,"9":0,"10":0,"11":0,"12":0,"13":0,"14":0,"15":0,"16":0,"17":0,"18":0,"19":0,"20":0,"21":0,"22":0,"23":0,"24":0,"25":0,"26":0,"27":0,"28":0,"29":0,"30":0,"31":0,"32":0,"33":1,"34":1},"f":{"0":0,"1":0,"2":0,"3":0,"4":0,"5":0,"6":0,"7":0,"8":0,"9":0,"10":0},"b":{"0":[0,0],"1":[0],"2":[0,0],"3":[0]}}
,"N:\\AI_powered_job_board\\backend\\src\\repositories\\application.repository.ts": {"path":"N:\\AI_powered_job_board\\backend\\src\\repositories\\application.repository.ts","statementMap":{"0":{"start":{"line":1,"column":0},"end":{"line":1,"column":51}},"1":{"start":{"line":2,"column":0},"end":{"line":2,"column":44}},"2":{"start":{"line":12,"column":4},"end":{"line":35,"column":7}},"3":{"start":{"line":13,"column":26},"end":{"line":25,"column":8}},"4":{"start":{"line":27,"column":6},"end":{"line":32,"column":9}},"5":{"start":{"line":34,"column":6},"end":{"line":34,"column":25}},"6":{"start":{"line":39,"column":4},"end":{"line":46,"column":7}},"7":{"start":{"line":50,"column":4},"end":{"line":57,"column":7}},"8":{"start":{"line":61,"column":4},"end":{"line":68,"column":7}},"9":{"start":{"line":72,"column":4},"end":{"line":74,"column":7}},"10":{"start":{"line":78,"column":4},"end":{"line":93,"column":7}},"11":{"start":{"line":79,"column":26},"end":{"line":86,"column":8}},"12":{"start":{"line":88,"column":6},"end":{"line":90,"column":9}},"13":{"start":{"line":92,"column":6},"end":{"line":92,"column":25}},"14":{"start":{"line":97,"column":4},"end":{"line":97,"column":56}},"15":{"start":{"line":4,"column":0},"end":{"line":4,"column":13}},"16":{"start":{"line":101,"column":13},"end":{"line":101,"column":65}}},"fnMap":{"0":{"name":"(anonymous_0)","decl":{"start":{"line":5,"column":2},"end":{"line":5,"column":7}},"loc":{"start":{"line":11,"column":3},"end":{"line":36,"column":3}}},"1":{"name":"(anonymous_1)","decl":{"start":{"line":12,"column":31},"end":{"line":12,"column":36}},"loc":{"start":{"line":12,"column":44},"end":{"line":35,"column":5}}},"2":{"name":"(anonymous_2)","decl":{"start":{"line":38,"column":2},"end":{"line":38,"column":7}},"loc":{"start":{"line":38,"column":27},"end":{"line":47,"column":3}}},"3":{"name":"(anonymous_3)","decl":{"start":{"line":49,"column":2},"end":{"line":49,"column":7}},"loc":{"start":{"line":49,"column":43},"end":{"line":58,"column":3}}},"4":{"name":"(anonymous_4)","decl":{"start":{"line":60,"column":2},"end":{"line":60,"column":7}},"loc":{"start":{"line":60,"column":31},"end":{"line":69,"column":3}}},"5":{"name":"(anonymous_5)","decl":{"start":{"line":71,"column":2},"end":{"line":71,"column":7}},"loc":{"start":{"line":71,"column":55},"end":{"line":75,"column":3}}},"6":{"name":"(anonymous_6)","decl":{"start":{"line":77,"column":2},"end":{"line":77,"column":7}},"loc":{"start":{"line":77,"column":58},"end":{"line":94,"column":3}}},"7":{"name":"(anonymous_7)","decl":{"start":{"line":78,"column":31},"end":{"line":78,"column":36}},"loc":{"start":{"line":78,"column":44},"end":{"line":93,"column":5}}},"8":{"name":"(anonymous_8)","decl":{"start":{"line":96,"column":2},"end":{"line":96,"column":7}},"loc":{"start":{"line":96,"column":25},"end":{"line":98,"column":3}}}},"branchMap":{"0":{"loc":{"start":{"line":18,"column":25},"end":{"line":18,"column":49}},"type":"binary-expr","locations":[{"start":{"line":18,"column":25},"end":{"line":18,"column":43}},{"start":{"line":18,"column":47},"end":{"line":18,"column":49}}]},"1":{"loc":{"start":{"line":19,"column":25},"end":{"line":19,"column":49}},"type":"binary-expr","locations":[{"start":{"line":19,"column":25},"end":{"line":19,"column":43}},{"start":{"line":19,"column":47},"end":{"line":19,"column":49}}]}},"s":{"0":1,"1":1,"2":0,"3":0,"4":0,"5":0,"6":0,"7":0,"8":0,"9":0,"10":0,"11":0,"12":0,"13":0,"14":0,"15":1,"16":1},"f":{"0":0,"1":0,"2":0,"3":0,"4":0,"5":0,"6":0,"7":0,"8":0},"b":{"0":[0,0],"1":[0,0]}}
,"N:\\AI_powered_job_board\\backend\\src\\repositories\\auth.repository.ts": {"path":"N:\\AI_powered_job_board\\backend\\src\\repositories\\auth.repository.ts","statementMap":{"0":{"start":{"line":2,"column":0},"end":{"line":2,"column":44}},"1":{"start":{"line":6,"column":4},"end":{"line":6,"column":56}},"2":{"start":{"line":10,"column":4},"end":{"line":10,"column":53}},"3":{"start":{"line":18,"column":4},"end":{"line":18,"column":40}},"4":{"start":{"line":22,"column":4},"end":{"line":22,"column":52}},"5":{"start":{"line":26,"column":4},"end":{"line":26,"column":51}},"6":{"start":{"line":34,"column":4},"end":{"line":36,"column":7}},"7":{"start":{"line":40,"column":4},"end":{"line":40,"column":64}},"8":{"start":{"line":44,"column":4},"end":{"line":44,"column":59}},"9":{"start":{"line":48,"column":4},"end":{"line":51,"column":7}},"10":{"start":{"line":4,"column":0},"end":{"line":4,"column":13}},"11":{"start":{"line":55,"column":13},"end":{"line":55,"column":51}}},"fnMap":{"0":{"name":"(anonymous_0)","decl":{"start":{"line":5,"column":2},"end":{"line":5,"column":7}},"loc":{"start":{"line":5,"column":37},"end":{"line":7,"column":3}}},"1":{"name":"(anonymous_1)","decl":{"start":{"line":9,"column":2},"end":{"line":9,"column":7}},"loc":{"start":{"line":9,"column":31},"end":{"line":11,"column":3}}},"2":{"name":"(anonymous_2)","decl":{"start":{"line":13,"column":2},"end":{"line":13,"column":7}},"loc":{"start":{"line":17,"column":3},"end":{"line":19,"column":3}}},"3":{"name":"(anonymous_3)","decl":{"start":{"line":21,"column":2},"end":{"line":21,"column":7}},"loc":{"start":{"line":21,"column":73},"end":{"line":23,"column":3}}},"4":{"name":"(anonymous_4)","decl":{"start":{"line":25,"column":2},"end":{"line":25,"column":7}},"loc":{"start":{"line":25,"column":73},"end":{"line":27,"column":3}}},"5":{"name":"(anonymous_5)","decl":{"start":{"line":29,"column":2},"end":{"line":29,"column":7}},"loc":{"start":{"line":32,"column":19},"end":{"line":37,"column":3}}},"6":{"name":"(anonymous_6)","decl":{"start":{"line":39,"column":2},"end":{"line":39,"column":7}},"loc":{"start":{"line":39,"column":38},"end":{"line":41,"column":3}}},"7":{"name":"(anonymous_7)","decl":{"start":{"line":43,"column":2},"end":{"line":43,"column":7}},"loc":{"start":{"line":43,"column":40},"end":{"line":45,"column":3}}},"8":{"name":"(anonymous_8)","decl":{"start":{"line":47,"column":2},"end":{"line":47,"column":7}},"loc":{"start":{"line":47,"column":39},"end":{"line":52,"column":3}}}},"branchMap":{},"s":{"0":1,"1":1,"2":0,"3":0,"4":0,"5":0,"6":0,"7":0,"8":0,"9":0,"10":1,"11":1},"f":{"0":1,"1":0,"2":0,"3":0,"4":0,"5":0,"6":0,"7":0,"8":0},"b":{}}
,"N:\\AI_powered_job_board\\backend\\src\\repositories\\company.repository.ts": {"path":"N:\\AI_powered_job_board\\backend\\src\\repositories\\company.repository.ts","statementMap":{"0":{"start":{"line":2,"column":0},"end":{"line":2,"column":44}},"1":{"start":{"line":14,"column":4},"end":{"line":14,"column":43}},"2":{"start":{"line":18,"column":4},"end":{"line":18,"column":56}},"3":{"start":{"line":22,"column":4},"end":{"line":22,"column":58}},"4":{"start":{"line":26,"column":4},"end":{"line":26,"column":52}},"5":{"start":{"line":30,"column":20},"end":{"line":33,"column":6}},"6":{"start":{"line":34,"column":4},"end":{"line":34,"column":30}},"7":{"start":{"line":34,"column":18},"end":{"line":34,"column":30}},"8":{"start":{"line":35,"column":4},"end":{"line":35,"column":75}},"9":{"start":{"line":4,"column":0},"end":{"line":4,"column":13}},"10":{"start":{"line":39,"column":13},"end":{"line":39,"column":57}}},"fnMap":{"0":{"name":"(anonymous_0)","decl":{"start":{"line":5,"column":2},"end":{"line":5,"column":7}},"loc":{"start":{"line":13,"column":3},"end":{"line":15,"column":3}}},"1":{"name":"(anonymous_1)","decl":{"start":{"line":17,"column":2},"end":{"line":17,"column":7}},"loc":{"start":{"line":17,"column":27},"end":{"line":19,"column":3}}},"2":{"name":"(anonymous_2)","decl":{"start":{"line":21,"column":2},"end":{"line":21,"column":7}},"loc":{"start":{"line":21,"column":49},"end":{"line":23,"column":3}}},"3":{"name":"(anonymous_3)","decl":{"start":{"line":25,"column":2},"end":{"line":25,"column":7}},"loc":{"start":{"line":25,"column":25},"end":{"line":27,"column":3}}},"4":{"name":"(anonymous_4)","decl":{"start":{"line":29,"column":2},"end":{"line":29,"column":7}},"loc":{"start":{"line":29,"column":39},"end":{"line":36,"column":3}}}},"branchMap":{"0":{"loc":{"start":{"line":34,"column":4},"end":{"line":34,"column":30}},"type":"if","locations":[{"start":{"line":34,"column":4},"end":{"line":34,"column":30}}]}},"s":{"0":1,"1":0,"2":0,"3":0,"4":0,"5":0,"6":0,"7":0,"8":0,"9":1,"10":1},"f":{"0":0,"1":0,"2":0,"3":0,"4":0},"b":{"0":[0]}}
,"N:\\AI_powered_job_board\\backend\\src\\repositories\\job.match.repository.ts": {"path":"N:\\AI_powered_job_board\\backend\\src\\repositories\\job.match.repository.ts","statementMap":{"0":{"start":{"line":1,"column":0},"end":{"line":1,"column":44}},"1":{"start":{"line":12,"column":4},"end":{"line":21,"column":7}},"2":{"start":{"line":25,"column":4},"end":{"line":33,"column":7}},"3":{"start":{"line":37,"column":4},"end":{"line":43,"column":7}},"4":{"start":{"line":3,"column":0},"end":{"line":3,"column":13}},"5":{"start":{"line":47,"column":13},"end":{"line":47,"column":59}}},"fnMap":{"0":{"name":"(anonymous_0)","decl":{"start":{"line":4,"column":2},"end":{"line":4,"column":7}},"loc":{"start":{"line":11,"column":3},"end":{"line":22,"column":3}}},"1":{"name":"(anonymous_1)","decl":{"start":{"line":24,"column":2},"end":{"line":24,"column":7}},"loc":{"start":{"line":24,"column":62},"end":{"line":34,"column":3}}},"2":{"name":"(anonymous_2)","decl":{"start":{"line":36,"column":2},"end":{"line":36,"column":7}},"loc":{"start":{"line":36,"column":50},"end":{"line":44,"column":3}}}},"branchMap":{"0":{"loc":{"start":{"line":24,"column":40},"end":{"line":24,"column":50}},"type":"default-arg","locations":[{"start":{"line":24,"column":48},"end":{"line":24,"column":50}}]},"1":{"loc":{"start":{"line":24,"column":52},"end":{"line":24,"column":62}},"type":"default-arg","locations":[{"start":{"line":24,"column":61},"end":{"line":24,"column":62}}]}},"s":{"0":1,"1":0,"2":0,"3":0,"4":1,"5":1},"f":{"0":0,"1":0,"2":0},"b":{"0":[0],"1":[0]}}
,"N:\\AI_powered_job_board\\backend\\src\\repositories\\job.repository.ts": {"path":"N:\\AI_powered_job_board\\backend\\src\\repositories\\job.repository.ts","statementMap":{"0":{"start":{"line":1,"column":0},"end":{"line":1,"column":44}},"1":{"start":{"line":18,"column":37},"end":{"line":18,"column":41}},"2":{"start":{"line":20,"column":4},"end":{"line":31,"column":7}},"3":{"start":{"line":24,"column":41},"end":{"line":24,"column":56}},"4":{"start":{"line":35,"column":4},"end":{"line":41,"column":7}},"5":{"start":{"line":50,"column":26},"end":{"line":62,"column":6}},"6":{"start":{"line":64,"column":4},"end":{"line":64,"column":27}},"7":{"start":{"line":81,"column":37},"end":{"line":81,"column":41}},"8":{"start":{"line":83,"column":4},"end":{"line":101,"column":7}},"9":{"start":{"line":84,"column":6},"end":{"line":86,"column":7}},"10":{"start":{"line":85,"column":8},"end":{"line":85,"column":63}},"11":{"start":{"line":88,"column":6},"end":{"line":100,"column":9}},"12":{"start":{"line":93,"column":61},"end":{"line":93,"column":72}},"13":{"start":{"line":105,"column":4},"end":{"line":105,"column":48}},"14":{"start":{"line":109,"column":4},"end":{"line":116,"column":7}},"15":{"start":{"line":4,"column":0},"end":{"line":4,"column":13}},"16":{"start":{"line":120,"column":13},"end":{"line":120,"column":49}}},"fnMap":{"0":{"name":"(anonymous_0)","decl":{"start":{"line":5,"column":2},"end":{"line":5,"column":7}},"loc":{"start":{"line":17,"column":3},"end":{"line":32,"column":3}}},"1":{"name":"(anonymous_1)","decl":{"start":{"line":24,"column":32},"end":{"line":24,"column":33}},"loc":{"start":{"line":24,"column":41},"end":{"line":24,"column":56}}},"2":{"name":"(anonymous_2)","decl":{"start":{"line":34,"column":2},"end":{"line":34,"column":7}},"loc":{"start":{"line":34,"column":27},"end":{"line":42,"column":3}}},"3":{"name":"(anonymous_3)","decl":{"start":{"line":44,"column":2},"end":{"line":44,"column":7}},"loc":{"start":{"line":49,"column":3},"end":{"line":65,"column":3}}},"4":{"name":"(anonymous_4)","decl":{"start":{"line":67,"column":2},"end":{"line":67,"column":7}},"loc":{"start":{"line":79,"column":5},"end":{"line":102,"column":3}}},"5":{"name":"(anonymous_5)","decl":{"start":{"line":83,"column":31},"end":{"line":83,"column":36}},"loc":{"start":{"line":83,"column":44},"end":{"line":101,"column":5}}},"6":{"name":"(anonymous_6)","decl":{"start":{"line":93,"column":47},"end":{"line":93,"column":48}},"loc":{"start":{"line":93,"column":61},"end":{"line":93,"column":72}}},"7":{"name":"(anonymous_7)","decl":{"start":{"line":104,"column":2},"end":{"line":104,"column":7}},"loc":{"start":{"line":104,"column":25},"end":{"line":106,"column":3}}},"8":{"name":"(anonymous_8)","decl":{"start":{"line":108,"column":2},"end":{"line":108,"column":7}},"loc":{"start":{"line":108,"column":47},"end":{"line":117,"column":3}}}},"branchMap":{"0":{"loc":{"start":{"line":24,"column":18},"end":{"line":24,"column":64}},"type":"binary-expr","locations":[{"start":{"line":24,"column":18},"end":{"line":24,"column":58}},{"start":{"line":24,"column":62},"end":{"line":24,"column":64}}]},"1":{"loc":{"start":{"line":84,"column":6},"end":{"line":86,"column":7}},"type":"if","locations":[{"start":{"line":84,"column":6},"end":{"line":86,"column":7}}]},"2":{"loc":{"start":{"line":92,"column":14},"end":{"line":94,"column":16}},"type":"cond-expr","locations":[{"start":{"line":93,"column":14},"end":{"line":93,"column":78}},{"start":{"line":94,"column":14},"end":{"line":94,"column":16}}]}},"s":{"0":2,"1":0,"2":0,"3":0,"4":0,"5":0,"6":0,"7":0,"8":0,"9":0,"10":0,"11":0,"12":0,"13":0,"14":0,"15":2,"16":2},"f":{"0":0,"1":0,"2":0,"3":0,"4":0,"5":0,"6":0,"7":0,"8":0},"b":{"0":[0,0],"1":[0],"2":[0,0]}}
,"N:\\AI_powered_job_board\\backend\\src\\repositories\\resume.repository.ts": {"path":"N:\\AI_powered_job_board\\backend\\src\\repositories\\resume.repository.ts","statementMap":{"0":{"start":{"line":1,"column":0},"end":{"line":1,"column":52}},"1":{"start":{"line":2,"column":0},"end":{"line":2,"column":44}},"2":{"start":{"line":11,"column":26},"end":{"line":11,"column":72}},"3":{"start":{"line":12,"column":4},"end":{"line":16,"column":7}},"4":{"start":{"line":20,"column":4},"end":{"line":20,"column":63}},"5":{"start":{"line":24,"column":4},"end":{"line":24,"column":58}},"6":{"start":{"line":4,"column":0},"end":{"line":4,"column":13}},"7":{"start":{"line":28,"column":13},"end":{"line":28,"column":55}}},"fnMap":{"0":{"name":"(anonymous_0)","decl":{"start":{"line":5,"column":2},"end":{"line":5,"column":7}},"loc":{"start":{"line":9,"column":30},"end":{"line":17,"column":3}}},"1":{"name":"(anonymous_1)","decl":{"start":{"line":19,"column":2},"end":{"line":19,"column":7}},"loc":{"start":{"line":19,"column":35},"end":{"line":21,"column":3}}},"2":{"name":"(anonymous_2)","decl":{"start":{"line":23,"column":2},"end":{"line":23,"column":7}},"loc":{"start":{"line":23,"column":37},"end":{"line":25,"column":3}}}},"branchMap":{"0":{"loc":{"start":{"line":11,"column":26},"end":{"line":11,"column":72}},"type":"cond-expr","locations":[{"start":{"line":11,"column":47},"end":{"line":11,"column":60}},{"start":{"line":11,"column":63},"end":{"line":11,"column":72}}]}},"s":{"0":1,"1":1,"2":0,"3":0,"4":0,"5":0,"6":1,"7":1},"f":{"0":0,"1":0,"2":0},"b":{"0":[0,0]}}
[...]
,"N:\\AI_powered_job_board\\backend\\src\\services\\resume.service.ts": {"path":"N:\\AI_powered_job_board\\backend\\src\\services\\resume.service.ts","statementMap":{"0":{"start":{"line":1,"column":0},"end":{"line":1,"column":29}},"1":{"start":{"line":2,"column":0},"end":{"line":2,"column":24}},"2":{"start":{"line":3,"column":0},"end":{"line":3,"column":37}},"3":{"start":{"line":4,"column":0},"end":{"line":4,"column":30}},"4":{"start":{"line":5,"column":0},"end":{"line":5,"column":69}},"5":{"start":{"line":6,"column":0},"end":{"line":6,"column":47}},"6":{"start":{"line":7,"column":0},"end":{"line":7,"column":44}},"7":{"start":{"line":8,"column":0},"end":{"line":8,"column":62}},"8":{"start":{"line":9,"column":0},"end":{"line":9,"column":53}},"9":{"start":{"line":10,"column":0},"end":{"line":10,"column":46}},"10":{"start":{"line":11,"column":0},"end":{"line":11,"column":63}},"11":{"start":{"line":15,"column":25},"end":{"line":15,"column":65}},"12":{"start":{"line":16,"column":25},"end":{"line":16,"column":70}},"13":{"start":{"line":17,"column":20},"end":{"line":17,"column":56}},"14":{"start":{"line":19,"column":27},"end":{"line":19,"column":29}},"15":{"start":{"line":20,"column":37},"end":{"line":20,"column":41}},"16":{"start":{"line":22,"column":4},"end":{"line":26,"column":5}},"17":{"start":{"line":23,"column":6},"end":{"line":23,"column":55}},"18":{"start":{"line":25,"column":6},"end":{"line":25,"column":87}},"19":{"start":{"line":28,"column":4},"end":{"line":32,"column":5}},"20":{"start":{"line":29,"column":6},"end":{"line":29,"column":62}},"21":{"start":{"line":31,"column":6},"end":{"line":31,"column":94}},"22":{"start":{"line":34,"column":19},"end":{"line":38,"column":null}},"23":{"start":{"line":41,"column":4},"end":{"line":43,"column":5}},"24":{"start":{"line":42,"column":6},"end":{"line":42,"column":55}},"25":{"start":{"line":45,"column":20},"end":{"line":45,"column":83}},"26":{"start":{"line":46,"column":4},"end":{"line":48,"column":5}},"27":{"start":{"line":47,"column":6},"end":{"line":47,"column":59}},"28":{"start":{"line":50,"column":4},"end":{"line":50,"column":18}},"29":{"start":{"line":54,"column":16},"end":{"line":54,"column":52}},"30":{"start":{"line":55,"column":19},"end":{"line":55,"column":46}},"31":{"start":{"line":57,"column":4},"end":{"line":62,"column":5}},"32":{"start":{"line":58,"column":21},"end":{"line":58,"column":51}},"33":{"start":{"line":59,"column":21},"end":{"line":59,"column":43}},"34":{"start":{"line":60,"column":6},"end":{"line":60,"column":29}},"35":{"start":{"line":61,"column":6},"end":{"line":61,"column":25}},"36":{"start":{"line":64,"column":4},"end":{"line":67,"column":5}},"37":{"start":{"line":65,"column":19},"end":{"line":65,"column":59}},"38":{"start":{"line":66,"column":6},"end":{"line":66,"column":24}},"39":{"start":{"line":69,"column":4},"end":{"line":69,"column":75}},"40":{"start":{"line":73,"column":20},"end":{"line":73,"column":83}},"41":{"start":{"line":74,"column":4},"end":{"line":74,"column":25}},"42":{"start":{"line":74,"column":18},"end":{"line":74,"column":25}},"43":{"start":{"line":76,"column":4},"end":{"line":100,"column":5}},"44":{"start":{"line":77,"column":25},"end":{"line":77,"column":41}},"45":{"start":{"line":78,"column":6},"end":{"line":78,"column":32}},"46":{"start":{"line":78,"column":23},"end":{"line":78,"column":32}},"47":{"start":{"line":80,"column":20},"end":{"line":84,"column":8}},"48":{"start":{"line":86,"column":6},"end":{"line":99,"column":9}},"49":{"start":{"line":104,"column":4},"end":{"line":115,"column":7}},"50":{"start":{"line":105,"column":18},"end":{"line":105,"column":53}},"51":{"start":{"line":106,"column":6},"end":{"line":106,"column":23}},"52":{"start":{"line":106,"column":16},"end":{"line":106,"column":23}},"53":{"start":{"line":108,"column":19},"end":{"line":108,"column":101}},"54":{"start":{"line":108,"column":76},"end":{"line":108,"column":88}},"55":{"start":{"line":109,"column":24},"end":{"line":109,"column":64}},"56":{"start":{"line":111,"column":6},"end":{"line":114,"column":9}},"57":{"start":{"line":13,"column":0},"end":{"line":13,"column":13}},"58":{"start":{"line":119,"column":13},"end":{"line":119,"column":49}}},"fnMap":{"0":{"name":"(anonymous_1)","decl":{"start":{"line":14,"column":2},"end":{"line":14,"column":7}},"loc":{"start":{"line":14,"column":63},"end":{"line":51,"column":3}}},"1":{"name":"(anonymous_2)","decl":{"start":{"line":53,"column":10},"end":{"line":53,"column":15}},"loc":{"start":{"line":53,"column":44},"end":{"line":70,"column":3}}},"2":{"name":"(anonymous_3)","decl":{"start":{"line":72,"column":10},"end":{"line":72,"column":15}},"loc":{"start":{"line":72,"column":70},"end":{"line":101,"column":3}}},"3":{"name":"(anonymous_4)","decl":{"start":{"line":103,"column":2},"end":{"line":103,"column":7}},"loc":{"start":{"line":103,"column":42},"end":{"line":116,"column":3}}},"4":{"name":"(anonymous_5)","decl":{"start":{"line":104,"column":41},"end":{"line":104,"column":46}},"loc":{"start":{"line":104,"column":52},"end":{"line":115,"column":5}}},"5":{"name":"(anonymous_6)","decl":{"start":{"line":108,"column":69},"end":{"line":108,"column":70}},"loc":{"start":{"line":108,"column":76},"end":{"line":108,"column":88}}}},"branchMap":{"0":{"loc":{"start":{"line":41,"column":4},"end":{"line":43,"column":5}},"type":"if","locations":[{"start":{"line":41,"column":4},"end":{"line":43,"column":5}}]},"1":{"loc":{"start":{"line":46,"column":4},"end":{"line":48,"column":5}},"type":"if","locations":[{"start":{"line":46,"column":4},"end":{"line":48,"column":5}}]},"2":{"loc":{"start":{"line":57,"column":4},"end":{"line":62,"column":5}},"type":"if","locations":[{"start":{"line":57,"column":4},"end":{"line":62,"column":5}}]},"3":{"loc":{"start":{"line":64,"column":4},"end":{"line":67,"column":5}},"type":"if","locations":[{"start":{"line":64,"column":4},"end":{"line":67,"column":5}}]},"4":{"loc":{"start":{"line":74,"column":4},"end":{"line":74,"column":25}},"type":"if","locations":[{"start":{"line":74,"column":4},"end":{"line":74,"column":25}}]},"5":{"loc":{"start":{"line":78,"column":6},"end":{"line":78,"column":32}},"type":"if","locations":[{"start":{"line":78,"column":6},"end":{"line":78,"column":32}}]},"6":{"loc":{"start":{"line":106,"column":6},"end":{"line":106,"column":23}},"type":"if","locations":[{"start":{"line":106,"column":6},"end":{"line":106,"column":23}}]}},"s":{"0":1,"1":1,"2":1,"3":1,"4":1,"5":1,"6":1,"7":1,"8":1,"9":1,"10":1,"11":0,"12":0,"13":0,"14":0,"15":0,"16":0,"17":0,"18":0,"19":0,"20":0,"21":0,"22":0,"23":0,"24":0,"25":0,"26":0,"27":0,"28":0,"29":0,"30":0,"31":0,"32":0,"33":0,"34":0,"35":0,"36":0,"37":0,"38":0,"39":0,"40":0,"41":0,"42":0,"43":0,"44":0,"45":0,"46":0,"47":0,"48":0,"49":0,"50":0,"51":0,"52":0,"53":0,"54":0,"55":0,"56":0,"57":1,"58":1},"f":{"0":0,"1":0,"2":0,"3":0,"4":0,"5":0},"b":{"0":[0],"1":[0],"2":[0],"3":[0],"4":[0],"5":[0],"6":[0]}}
,"N:\\AI_powered_job_board\\backend\\src\\services\\search.service.ts": {"path":"N:\\AI_powered_job_board\\backend\\src\\services\\search.service.ts","statementMap":{"0":{"start":{"line":1,"column":0},"end":{"line":1,"column":43}},"1":{"start":{"line":2,"column":0},"end":{"line":2,"column":44}},"2":{"start":{"line":3,"column":0},"end":{"line":3,"column":47}},"3":{"start":{"line":4,"column":0},"end":{"line":4,"column":63}},"4":{"start":{"line":8,"column":26},"end":{"line":11,"column":6}},"5":{"start":{"line":13,"column":4},"end":{"line":15,"column":5}},"6":{"start":{"line":14,"column":6},"end":{"line":14,"column":74}},"7":{"start":{"line":17,"column":4},"end":{"line":53,"column":5}},"8":{"start":{"line":19,"column":29},"end":{"line":19,"column":70}},"9":{"start":{"line":22,"column":33},"end":{"line":27,"column":11}},"10":{"start":{"line":23,"column":25},"end":{"line":23,"column":70}},"11":{"start":{"line":24,"column":23},"end":{"line":27,"column":10}},"12":{"start":{"line":30,"column":6},"end":{"line":32,"column":7}},"13":{"start":{"line":31,"column":8},"end":{"line":31,"column":55}},"14":{"start":{"line":34,"column":21},"end":{"line":36,"column":32}},"15":{"start":{"line":35,"column":24},"end":{"line":35,"column":41}},"16":{"start":{"line":36,"column":23},"end":{"line":36,"column":31}},"17":{"start":{"line":38,"column":20},"end":{"line":38,"column":38}},"18":{"start":{"line":39,"column":19},"end":{"line":39,"column":53}},"19":{"start":{"line":41,"column":6},"end":{"line":50,"column":8}},"20":{"start":{"line":52,"column":6},"end":{"line":52,"column":53}},"21":{"start":{"line":57,"column":18},"end":{"line":60,"column":34}},"22":{"start":{"line":60,"column":21},"end":{"line":60,"column":33}},"23":{"start":{"line":62,"column":4},"end":{"line":75,"column":5}},"24":{"start":{"line":64,"column":30},"end":{"line":69,"column":8}},"25":{"start":{"line":71,"column":6},"end":{"line":74,"column":8}},"26":{"start":{"line":77,"column":28},"end":{"line":89,"column":6}},"27":{"start":{"line":80,"column":36},"end":{"line":84,"column":10}},"28":{"start":{"line":91,"column":4},"end":{"line":100,"column":6}},"29":{"start":{"line":6,"column":0},"end":{"line":6,"column":13}},"30":{"start":{"line":105,"column":2},"end":{"line":105,"column":56}},"31":{"start":{"line":105,"column":47},"end":{"line":105,"column":56}},"32":{"start":{"line":106,"column":14},"end":{"line":106,"column":67}},"33":{"start":{"line":106,"column":40},"end":{"line":106,"column":63}},"34":{"start":{"line":107,"column":15},"end":{"line":107,"column":68}},"35":{"start":{"line":107,"column":48},"end":{"line":107,"column":63}},"36":{"start":{"line":108,"column":15},"end":{"line":108,"column":68}},"37":{"start":{"line":108,"column":48},"end":{"line":108,"column":63}},"38":{"start":{"line":109,"column":2},"end":{"line":109,"column":41}},"39":{"start":{"line":109,"column":32},"end":{"line":109,"column":41}},"40":{"start":{"line":110,"column":2},"end":{"line":110,"column":29}},"41":{"start":{"line":113,"column":13},"end":{"line":113,"column":49}}},"fnMap":{"0":{"name":"(anonymous_0)","decl":{"start":{"line":7,"column":2},"end":{"line":7,"column":7}},"loc":{"start":{"line":7,"column":58},"end":{"line":54,"column":3}}},"1":{"name":"(anonymous_1)","decl":{"start":{"line":23,"column":16},"end":{"line":23,"column":17}},"loc":{"start":{"line":23,"column":25},"end":{"line":23,"column":70}}},"2":{"name":"(anonymous_2)","decl":{"start":{"line":24,"column":13},"end":{"line":24,"column":14}},"loc":{"start":{"line":24,"column":23},"end":{"line":27,"column":10}}},"3":{"name":"(anonymous_3)","decl":{"start":{"line":35,"column":14},"end":{"line":35,"column":15}},"loc":{"start":{"line":35,"column":24},"end":{"line":35,"column":41}}},"4":{"name":"(anonymous_4)","decl":{"start":{"line":36,"column":13},"end":{"line":36,"column":14}},"loc":{"start":{"line":36,"column":23},"end":{"line":36,"column":31}}},"5":{"name":"(anonymous_5)","decl":{"start":{"line":56,"column":2},"end":{"line":56,"column":7}},"loc":{"start":{"line":56,"column":58},"end":{"line":101,"column":3}}},"6":{"name":"(anonymous_6)","decl":{"start":{"line":60,"column":14},"end":{"line":60,"column":15}},"loc":{"start":{"line":60,"column":21},"end":{"line":60,"column":33}}},"7":{"name":"(anonymous_7)","decl":{"start":{"line":80,"column":26},"end":{"line":80,"column":27}},"loc":{"start":{"line":80,"column":36},"end":{"line":84,"column":10}}},"8":{"name":"cosineSimilarity","decl":{"start":{"line":104,"column":9},"end":{"line":104,"column":25}},"loc":{"start":{"line":104,"column":50},"end":{"line":111,"column":1}}},"9":{"name":"(anonymous_9)","decl":{"start":{"line":106,"column":23},"end":{"line":106,"column":24}},"loc":{"start":{"line":106,"column":40},"end":{"line":106,"column":63}}},"10":{"name":"(anonymous_10)","decl":{"start":{"line":107,"column":34},"end":{"line":107,"column":35}},"loc":{"start":{"line":107,"column":48},"end":{"line":107,"column":63}}},"11":{"name":"(anonymous_11)","decl":{"start":{"line":108,"column":34},"end":{"line":108,"column":35}},"loc":{"start":{"line":108,"column":48},"end":{"line":108,"column":63}}}},"branchMap":{"0":{"loc":{"start":{"line":7,"column":38},"end":{"line":7,"column":46}},"type":"default-arg","locations":[{"start":{"line":7,"column":45},"end":{"line":7,"column":46}}]},"1":{"loc":{"start":{"line":7,"column":48},"end":{"line":7,"column":58}},"type":"default-arg","locations":[{"start":{"line":7,"column":56},"end":{"line":7,"column":58}}]},"2":{"loc":{"start":{"line":13,"column":4},"end":{"line":15,"column":5}},"type":"if","locations":[{"start":{"line":13,"column":4},"end":{"line":15,"column":5}}]},"3":{"loc":{"start":{"line":23,"column":25},"end":{"line":23,"column":70}},"type":"binary-expr","locations":[{"start":{"line":23,"column":25},"end":{"line":23,"column":38}},{"start":{"line":23,"column":42},"end":{"line":23,"column":70}}]},"4":{"loc":{"start":{"line":30,"column":6},"end":{"line":32,"column":7}},"type":"if","locations":[{"start":{"line":30,"column":6},"end":{"line":32,"column":7}}]},"5":{"loc":{"start":{"line":56,"column":38},"end":{"line":56,"column":46}},"type":"default-arg","locations":[{"start":{"line":56,"column":45},"end":{"line":56,"column":46}}]},"6":{"loc":{"start":{"line":56,"column":48},"end":{"line":56,"column":58}},"type":"default-arg","locations":[{"start":{"line":56,"column":56},"end":{"line":56,"column":58}}]},"7":{"loc":{"start":{"line":62,"column":4},"end":{"line":75,"column":5}},"type":"if","locations":[{"start":{"line":62,"column":4},"end":{"line":75,"column":5}}]},"8":{"loc":{"start":{"line":105,"column":2},"end":{"line":105,"column":56}},"type":"if","locations":[{"start":{"line":105,"column":2},"end":{"line":105,"column":56}}]},"9":{"loc":{"start":{"line":105,"column":6},"end":{"line":105,"column":45}},"type":"binary-expr","locations":[{"start":{"line":105,"column":6},"end":{"line":105,"column":27}},{"start":{"line":105,"column":31},"end":{"line":105,"column":45}}]},"10":{"loc":{"start":{"line":106,"column":53},"end":{"line":106,"column":62}},"type":"binary-expr","locations":[{"start":{"line":106,"column":53},"end":{"line":106,"column":57}},{"start":{"line":106,"column":61},"end":{"line":106,"column":62}}]},"11":{"loc":{"start":{"line":109,"column":2},"end":{"line":109,"column":41}},"type":"if","locations":[{"start":{"line":109,"column":2},"end":{"line":109,"column":41}}]},"12":{"loc":{"start":{"line":109,"column":6},"end":{"line":109,"column":30}},"type":"binary-expr","locations":[{"start":{"line":109,"column":6},"end":{"line":109,"column":16}},{"start":{"line":109,"column":20},"end":{"line":109,"column":30}}]}},"s":{"0":2,"1":2,"2":2,"3":2,"4":1,"5":1,"6":0,"7":1,"8":1,"9":1,"10":1,"11":0,"12":1,"13":1,"14":0,"15":0,"16":0,"17":0,"18":0,"19":0,"20":0,"21":1,"22":2,"23":1,"24":0,"25":0,"26":1,"27":2,"28":1,"29":2,"30":0,"31":0,"32":0,"33":0,"34":0,"35":0,"36":0,"37":0,"38":0,"39":0,"40":0,"41":2},"f":{"0":1,"1":1,"2":0,"3":0,"4":0,"5":1,"6":2,"7":2,"8":0,"9":0,"10":0,"11":0},"b":{"0":[1],"1":[1],"2":[0],"3":[1,0],"4":[1],"5":[0],"6":[0],"7":[0],"8":[0],"9":[0,0],"10":[0,0],"11":[0],"12":[0,0]}}
,"N:\\AI_powered_job_board\\backend\\src\\storage\\storage.provider.ts": {"path":"N:\\AI_powered_job_board\\backend\\src\\storage\\storage.provider.ts","statementMap":{"0":{"start":{"line":1,"column":0},"end":{"line":1,"column":29}},"1":{"start":{"line":2,"column":0},"end":{"line":2,"column":24}},"2":{"start":{"line":11,"column":22},"end":{"line":11,"column":37}},"3":{"start":{"line":14,"column":16},"end":{"line":14,"column":50}},"4":{"start":{"line":15,"column":4},"end":{"line":15,"column":45}},"5":{"start":{"line":17,"column":21},"end":{"line":17,"column":105}},"6":{"start":{"line":18,"column":25},"end":{"line":18,"column":55}},"7":{"start":{"line":19,"column":25},"end":{"line":19,"column":62}},"8":{"start":{"line":21,"column":4},"end":{"line":21,"column":45}},"9":{"start":{"line":22,"column":4},"end":{"line":22,"column":44}},"10":{"start":{"line":26,"column":25},"end":{"line":26,"column":55}},"11":{"start":{"line":27,"column":4},"end":{"line":31,"column":5}},"12":{"start":{"line":28,"column":6},"end":{"line":28,"column":36}},"13":{"start":{"line":35,"column":4},"end":{"line":35,"column":49}},"14":{"start":{"line":10,"column":0},"end":{"line":10,"column":13}},"15":{"start":{"line":39,"column":13},"end":{"line":41,"column":2}}},"fnMap":{"0":{"name":"(anonymous_1)","decl":{"start":{"line":11,"column":2},"end":{"line":11,"column":22}},"loc":{"start":{"line":11,"column":37},"end":{"line":11,"column":41}}},"1":{"name":"(anonymous_2)","decl":{"start":{"line":13,"column":2},"end":{"line":13,"column":7}},"loc":{"start":{"line":13,"column":57},"end":{"line":23,"column":3}}},"2":{"name":"(anonymous_3)","decl":{"start":{"line":25,"column":2},"end":{"line":25,"column":7}},"loc":{"start":{"line":25,"column":31},"end":{"line":32,"column":3}}},"3":{"name":"(anonymous_4)","decl":{"start":{"line":34,"column":2},"end":{"line":34,"column":17}},"loc":{"start":{"line":34,"column":38},"end":{"line":36,"column":3}}}},"branchMap":{},"s":{"0":1,"1":1,"2":1,"3":0,"4":0,"5":0,"6":0,"7":0,"8":0,"9":0,"10":0,"11":0,"12":0,"13":0,"14":1,"15":1},"f":{"0":1,"1":0,"2":0,"3":0},"b":{}}
,"N:\\AI_powered_job_board\\backend\\src\\utils\\asyncHandler.ts": {"path":"N:\\AI_powered_job_board\\backend\\src\\utils\\asyncHandler.ts","statementMap":{"0":{"start":{"line":3,"column":28},"end":{"line":9,"column":1}},"1":{"start":{"line":6,"column":2},"end":{"line":8,"column":4}},"2":{"start":{"line":7,"column":4},"end":{"line":7,"column":52}},"3":{"start":{"line":3,"column":13},"end":{"line":3,"column":28}}},"fnMap":{"0":{"name":"(anonymous_0)","decl":{"start":{"line":3,"column":28},"end":{"line":3,"column":null}},"loc":{"start":{"line":5,"column":20},"end":{"line":9,"column":1}}},"1":{"name":"(anonymous_1)","decl":{"start":{"line":6,"column":9},"end":{"line":6,"column":10}},"loc":{"start":{"line":6,"column":28},"end":{"line":8,"column":3}}}},"branchMap":{},"s":{"0":1,"1":18,"2":2,"3":1},"f":{"0":18,"1":2},"b":{}}
,"N:\\AI_powered_job_board\\backend\\src\\utils\\params.ts": {"path":"N:\\AI_powered_job_board\\backend\\src\\utils\\params.ts","statementMap":{"0":{"start":{"line":1,"column":24},"end":{"line":3,"column":1}},"1":{"start":{"line":2,"column":2},"end":{"line":2,"column":49}},"2":{"start":{"line":1,"column":13},"end":{"line":1,"column":24}}},"fnMap":{"0":{"name":"(anonymous_0)","decl":{"start":{"line":1,"column":24},"end":{"line":1,"column":25}},"loc":{"start":{"line":1,"column":61},"end":{"line":3,"column":1}}}},"branchMap":{"0":{"loc":{"start":{"line":2,"column":9},"end":{"line":2,"column":48}},"type":"cond-expr","locations":[{"start":{"line":2,"column":32},"end":{"line":2,"column":40}},{"start":{"line":2,"column":43},"end":{"line":2,"column":48}}]}},"s":{"0":1,"1":0,"2":1},"f":{"0":0},"b":{"0":[0,0]}}
,"N:\\AI_powered_job_board\\backend\\src\\utils\\password.ts": {"path":"N:\\AI_powered_job_board\\backend\\src\\utils\\password.ts","statementMap":{"0":{"start":{"line":1,"column":0},"end":{"line":1,"column":24}},"1":{"start":{"line":3,"column":13},"end":{"line":9,"column":70}},"2":{"start":{"line":11,"column":32},"end":{"line":13,"column":1}},"3":{"start":{"line":12,"column":2},"end":{"line":12,"column":33}},"4":{"start":{"line":11,"column":13},"end":{"line":11,"column":32}}},"fnMap":{"0":{"name":"(anonymous_0)","decl":{"start":{"line":11,"column":32},"end":{"line":11,"column":33}},"loc":{"start":{"line":11,"column":59},"end":{"line":13,"column":1}}}},"branchMap":{},"s":{"0":2,"1":2,"2":2,"3":6,"4":2},"f":{"0":6},"b":{}}
}
