TN:
SF:src\ai\ai.provider.ts
FN:24,(anonymous_0)
FNF:1
FNH:1
FNDA:2,(anonymous_0)
DA:1,2
DA:2,2
DA:3,2
DA:23,2
DA:25,2
DA:27,0
DA:29,2
DA:31,0
DA:36,2
LF:9
LH:7
BRDA:25,0,0,0
BRDA:25,0,1,2
BRDA:25,0,2,0
BRF:3
BRH:1
end_of_record
TN:
SF:src\ai\lmstudio.provider.ts
FN:8,(anonymous_1)
FN:15,(anonymous_2)
FN:25,(anonymous_3)
FN:50,(anonymous_4)
FN:80,(anonymous_5)
FN:84,(anonymous_6)
FN:89,(anonymous_7)
FN:92,(anonymous_8)
FN:97,(anonymous_9)
FN:104,(anonymous_10)
FN:108,(anonymous_11)
FN:111,(anonymous_12)
FN:122,(anonymous_13)
FN:128,cosineSimilarity
FN:129,(anonymous_15)
FN:130,(anonymous_16)
FN:131,(anonymous_17)
FN:136,cleanAndParseJSON
FNF:18
FNH:1
FNDA:2,(anonymous_1)
FNDA:0,(anonymous_2)
FNDA:0,(anonymous_3)
FNDA:0,(anonymous_4)
FNDA:0,(anonymous_5)
FNDA:0,(anonymous_6)
FNDA:0,(anonymous_7)
FNDA:0,(anonymous_8)
FNDA:0,(anonymous_9)
FNDA:0,(anonymous_10)
FNDA:0,(anonymous_11)
FNDA:0,(anonymous_12)
FNDA:0,(anonymous_13)
FNDA:0,cosineSimilarity
FNDA:0,(anonymous_15)
FNDA:0,(anonymous_16)
FNDA:0,(anonymous_17)
FNDA:0,cleanAndParseJSON
DA:1,2
DA:2,2
DA:5,2
DA:9,2
DA:16,0
DA:22,0
DA:26,0
DA:40,0
DA:41,0
DA:42,0
DA:43,0
DA:45,0
DA:46,0
DA:54,0
DA:71,0
DA:72,0
DA:73,0
DA:75,0
DA:76,0
DA:83,0
DA:85,0
DA:86,0
DA:89,0
DA:95,0
DA:96,0
DA:97,0
DA:103,0
DA:104,0
DA:108,0
DA:112,0
DA:119,0
DA:123,0
DA:124,0
DA:129,0
DA:130,0
DA:131,0
DA:132,0
DA:133,0
DA:137,0
DA:139,0
DA:140,0
DA:141,0
DA:142,0
DA:144,0
DA:145,0
DA:149,0
DA:150,0
DA:153,0
DA:154,0
DA:155,0
DA:157,0
DA:158,0
DA:160,0
DA:161,0
DA:162,0
DA:163,0
DA:164,0
DA:165,0
DA:166,0
DA:175,0
DA:176,0
DA:177,0
DA:178,0
DA:179,0
DA:184,0
LF:65
LH:4
BRDA:40,0,0,0
BRDA:40,0,1,0
BRDA:43,1,0,0
BRDA:43,1,1,0
BRDA:71,2,0,0
BRDA:71,2,1,0
BRDA:119,3,0,0
BRDA:119,3,1,0
BRDA:129,4,0,0
BRDA:129,4,1,0
BRDA:132,5,0,0
BRDA:132,6,0,0
BRDA:132,6,1,0
BRDA:139,7,0,0
BRDA:141,8,0,0
BRDA:144,9,0,0
BRDA:155,10,0,0
BRDA:155,10,1,0
BRDA:158,11,0,0
BRDA:162,12,0,0
BRDA:164,13,0,0
BRDA:177,14,0,0
BRDA:177,15,0,0
BRDA:177,15,1,0
BRDA:177,15,2,0
BRF:25
BRH:0
end_of_record
TN:
SF:src\ai\openai.provider.ts
FN:8,(anonymous_1)
FN:12,(anonymous_2)
FN:20,(anonymous_3)
FN:39,(anonymous_4)
FN:62,(anonymous_5)
FN:66,(anonymous_6)
FN:71,(anonymous_7)
FN:74,(anonymous_8)
FN:79,(anonymous_9)
FN:86,(anonymous_10)
FN:90,(anonymous_11)
FN:93,(anonymous_12)
FN:107,(anonymous_13)
FN:113,cosineSimilarity
FN:114,(anonymous_15)
FN:115,(anonymous_16)
FN:116,(anonymous_17)
FNF:17
FNH:0
FNDA:0,(anonymous_1)
FNDA:0,(anonymous_2)
FNDA:0,(anonymous_3)
FNDA:0,(anonymous_4)
FNDA:0,(anonymous_5)
FNDA:0,(anonymous_6)
FNDA:0,(anonymous_7)
FNDA:0,(anonymous_8)
FNDA:0,(anonymous_9)
FNDA:0,(anonymous_10)
FNDA:0,(anonymous_11)
FNDA:0,(anonymous_12)
FNDA:0,(anonymous_13)
FNDA:0,cosineSimilarity
FNDA:0,(anonymous_15)
FNDA:0,(anonymous_16)
FNDA:0,(anonymous_17)
DA:1,2
DA:2,2
DA:5,2
DA:9,0
DA:13,0
DA:17,0
DA:21,0
DA:34,0
DA:35,0
DA:36,0
DA:43,0
DA:59,0
DA:65,0
DA:67,0
DA:68,0
DA:71,0
DA:77,0
DA:78,0
DA:79,0
DA:85,0
DA:86,0
DA:90,0
DA:94,0
DA:104,0
DA:108,0
DA:109,0
DA:114,0
DA:115,0
DA:116,0
DA:117,0
DA:118,0
LF:31
LH:3
BRDA:34,0,0,0
BRDA:34,0,1,0
BRDA:36,1,0,0
BRDA:36,1,1,0
BRDA:59,2,0,0
BRDA:59,2,1,0
BRDA:104,3,0,0
BRDA:104,3,1,0
BRDA:114,4,0,0
BRDA:114,4,1,0
BRDA:117,5,0,0
BRDA:117,6,0,0
BRDA:117,6,1,0
BRF:13
BRH:0
end_of_record
TN:
SF:src\config\database.ts
FNF:0
FNH:0
DA:1,1
DA:3,1
DA:5,1
DA:11,1
DA:12,1
LF:5
LH:5
BRDA:6,0,0,1
BRDA:6,0,1,1
BRDA:8,1,0,0
BRDA:8,1,1,1
BRDA:11,2,0,1
BRF:5
BRH:4
end_of_record
TN:
SF:src\config\env.ts
FN:26,(anonymous_1)
FN:28,(anonymous_2)
FNF:2
FNH:2
FNDA:1,(anonymous_1)
FNDA:1,(anonymous_2)
DA:1,2
DA:3,2
DA:5,2
DA:26,2
DA:27,1
DA:28,1
DA:29,1
DA:30,0
LF:8
LH:7
BRDA:6,0,0,2
BRDA:6,0,1,2
BRDA:7,1,0,2
BRDA:7,1,1,0
BRDA:9,2,0,2
BRDA:9,2,1,2
BRDA:10,3,0,2
BRDA:10,3,1,2
BRDA:14,4,0,2
BRDA:14,4,1,0
BRDA:15,5,0,2
BRDA:15,5,1,0
BRDA:16,6,0,2
BRDA:16,6,1,0
BRDA:17,7,0,2
BRDA:17,7,1,0
BRDA:18,8,0,2
BRDA:18,8,1,0
BRDA:19,9,0,2
BRDA:19,9,1,2
BRDA:20,10,0,2
BRDA:20,10,1,0
BRDA:21,11,0,2
BRDA:21,11,1,0
BRDA:22,12,0,2
BRDA:22,12,1,2
BRDA:23,13,0,2
BRDA:23,13,1,2
BRDA:29,14,0,0
BRF:29
BRH:20
end_of_record
TN:
SF:src\controllers\application.controller.ts
FN:25,(anonymous_0)
FN:32,(anonymous_1)
FN:37,(anonymous_2)
FN:45,(anonymous_3)
FN:55,(anonymous_4)
FN:60,(anonymous_5)
FNF:6
FNH:0
FNDA:0,(anonymous_0)
FNDA:0,(anonymous_1)
FNDA:0,(anonymous_2)
FNDA:0,(anonymous_3)
FNDA:0,(anonymous_4)
FNDA:0,(anonymous_5)
DA:2,1
DA:4,1
DA:5,1
DA:7,1
DA:11,1
DA:24,1
DA:26,0
DA:27,0
DA:28,0
DA:29,0
DA:33,0
DA:34,0
DA:38,0
DA:42,0
DA:46,0
DA:47,0
DA:52,0
DA:56,0
DA:57,0
DA:61,0
DA:66,0
DA:70,1
LF:22
LH:7
BRF:0
BRH:0
end_of_record
TN:
SF:src\controllers\auth.controller.ts
FN:29,(anonymous_0)
FN:35,(anonymous_1)
FN:41,(anonymous_2)
FN:47,(anonymous_3)
FN:53,(anonymous_4)
FNF:5
FNH:2
FNDA:1,(anonymous_0)
FNDA:0,(anonymous_1)
FNDA:1,(anonymous_2)
FNDA:0,(anonymous_3)
FNDA:0,(anonymous_4)
DA:2,1
DA:3,1
DA:4,1
DA:5,1
DA:7,1
DA:13,1
DA:19,1
DA:24,1
DA:28,1
DA:30,1
DA:31,0
DA:32,0
DA:36,0
DA:37,0
DA:38,0
DA:42,1
DA:43,1
DA:44,0
DA:48,0
DA:49,0
DA:50,0
DA:54,0
DA:55,0
DA:56,0
DA:60,1
LF:25
LH:13
BRF:0
BRH:0
end_of_record
TN:
SF:src\controllers\dashboard.controller.ts
FN:6,(anonymous_0)
FN:11,(anonymous_1)
FN:16,(anonymous_2)
FNF:3
FNH:0
FNDA:0,(anonymous_0)
FNDA:0,(anonymous_1)
FNDA:0,(anonymous_2)
DA:3,1
DA:5,1
DA:7,0
DA:8,0
DA:12,0
DA:13,0
DA:17,0
DA:18,0
DA:22,1
LF:9
LH:3
BRF:0
BRH:0
end_of_record
TN:
SF:src\controllers\job.controller.ts
FN:26,(anonymous_0)
FN:39,(anonymous_1)
FN:52,(anonymous_2)
FN:63,(anonymous_3)
FN:76,(anonymous_4)
FN:88,(anonymous_5)
FNF:6
FNH:0
FNDA:0,(anonymous_0)
FNDA:0,(anonymous_1)
FNDA:0,(anonymous_2)
FNDA:0,(anonymous_3)
FNDA:0,(anonymous_4)
FNDA:0,(anonymous_5)
DA:2,1
DA:3,1
DA:5,1
DA:7,1
DA:19,1
DA:21,1
DA:25,1
DA:27,0
DA:28,0
DA:29,0
DA:30,0
DA:32,0
DA:33,0
DA:35,0
DA:40,0
DA:41,0
DA:42,0
DA:43,0
DA:45,0
DA:46,0
DA:48,0
DA:53,0
DA:54,0
DA:55,0
DA:56,0
DA:57,0
DA:59,0
DA:64,0
DA:65,0
DA:66,0
DA:67,0
DA:69,0
DA:70,0
DA:72,0
DA:77,0
DA:78,0
DA:79,0
DA:81,0
DA:82,0
DA:84,0
DA:89,0
DA:90,0
DA:91,0
DA:92,0
DA:94,0
DA:95,0
DA:97,0
DA:102,1
LF:48
LH:8
BRDA:30,0,0,0
BRDA:67,1,0,0
BRDA:79,2,0,0
BRDA:92,3,0,0
BRF:4
BRH:0
end_of_record
TN:
SF:src\controllers\resume.controller.ts
FN:17,(anonymous_1)
FN:18,(anonymous_2)
FN:27,(anonymous_3)
FN:41,(anonymous_4)
FN:51,(anonymous_5)
FN:57,(anonymous_6)
FN:62,(anonymous_7)
FNF:7
FNH:0
FNDA:0,(anonymous_1)
FNDA:0,(anonymous_2)
FNDA:0,(anonymous_3)
FNDA:0,(anonymous_4)
FNDA:0,(anonymous_5)
FNDA:0,(anonymous_6)
FNDA:0,(anonymous_7)
DA:2,1
DA:3,1
DA:4,1
DA:5,1
DA:6,1
DA:8,1
DA:9,1
DA:11,1
DA:12,1
DA:13,0
DA:16,1
DA:17,0
DA:19,0
DA:20,0
DA:24,1
DA:28,0
DA:32,0
DA:33,0
DA:35,0
DA:40,1
DA:42,0
DA:44,0
DA:45,0
DA:52,0
DA:53,0
DA:54,0
DA:58,0
DA:59,0
DA:63,0
DA:65,0
DA:66,0
DA:69,0
DA:70,0
DA:72,0
DA:73,0
DA:77,1
LF:36
LH:13
BRDA:12,0,0,0
BRDA:32,1,0,0
BRDA:32,1,1,0
BRDA:42,2,0,0
BRDA:53,3,0,0
BRDA:65,4,0,0
BRDA:65,5,0,0
BRDA:65,5,1,0
BRDA:70,6,0,0
BRF:9
BRH:0
end_of_record
TN:
SF:src\controllers\search.controller.ts
FN:12,(anonymous_0)
FNF:1
FNH:0
FNDA:0,(anonymous_0)
DA:2,1
DA:3,1
DA:5,1
DA:11,1
DA:13,0
DA:14,0
DA:15,0
DA:19,1
LF:8
LH:5
BRF:0
BRH:0
end_of_record
TN:
SF:src\jobs\jobQueue.ts
FN:6,(anonymous_0)
FN:11,(anonymous_1)
FNF:2
FNH:0
FNDA:0,(anonymous_0)
FNDA:0,(anonymous_1)
DA:3,1
DA:4,1
DA:6,1
DA:7,0
DA:8,0
DA:11,1
DA:12,0
DA:13,0
DA:15,0
DA:16,0
DA:17,0
DA:19,0
DA:20,0
DA:22,0
DA:26,0
LF:15
LH:4
BRDA:12,0,0,0
BRDA:17,1,0,0
BRF:2
BRH:0
end_of_record
TN:
SF:src\middleware\auth.middleware.ts
FN:13,(anonymous_1)
FN:36,(anonymous_2)
FN:54,(anonymous_3)
FN:55,(anonymous_4)
FNF:4
FNH:1
FNDA:0,(anonymous_1)
FNDA:0,(anonymous_2)
FNDA:11,(anonymous_3)
FNDA:0,(anonymous_4)
DA:2,1
DA:3,1
DA:13,1
DA:14,0
DA:16,0
DA:17,0
DA:18,0
DA:19,0
DA:23,0
DA:24,0
DA:27,0
DA:28,0
DA:29,0
DA:30,0
DA:32,0
DA:36,1
DA:37,0
DA:38,0
DA:39,0
DA:42,0
DA:44,0
DA:45,0
DA:46,0
DA:51,0
DA:54,1
DA:55,11
DA:56,0
DA:57,0
DA:60,0
DA:61,0
DA:64,0
LF:31
LH:6
BRDA:16,0,0,0
BRDA:18,1,0,0
BRDA:18,2,0,0
BRDA:18,2,1,0
BRDA:23,3,0,0
BRDA:38,4,0,0
BRDA:38,5,0,0
BRDA:38,5,1,0
BRDA:56,6,0,0
BRDA:60,7,0,0
BRF:10
BRH:0
end_of_record
TN:
SF:src\middleware\error.middleware.ts
FN:5,(anonymous_0)
FN:14,(anonymous_1)
FN:23,(anonymous_2)
FNF:3
FNH:3
FNDA:1,(anonymous_0)
FNDA:2,(anonymous_1)
FNDA:6,(anonymous_2)
DA:2,1
DA:4,1
DA:6,1
DA:9,1
DA:10,1
DA:14,1
DA:20,2
DA:21,1
DA:23,6
DA:30,1
DA:31,1
DA:34,0
DA:35,0
LF:13
LH:11
BRDA:20,0,0,1
BRDA:30,1,0,1
BRF:2
BRH:2
end_of_record
TN:
SF:src\middleware\rateLimit.middleware.ts
FN:10,(anonymous_0)
FN:11,(anonymous_1)
FNF:2
FNH:2
FNDA:1,(anonymous_0)
FNDA:2,(anonymous_1)
DA:8,1
DA:10,1
DA:11,1
DA:12,2
DA:13,2
DA:14,2
DA:16,2
DA:17,2
DA:18,2
DA:21,0
DA:22,0
DA:25,0
DA:26,0
DA:30,1
LF:14
LH:10
BRDA:16,0,0,2
BRDA:16,1,0,2
BRDA:16,1,1,0
BRDA:21,2,0,0
BRF:4
BRH:2
end_of_record
TN:
SF:src\notifications\email.service.ts
FN:15,(anonymous_0)
FN:19,(anonymous_1)
FN:23,(anonymous_2)
FN:27,(anonymous_3)
FN:41,(anonymous_4)
FN:45,(anonymous_5)
FN:49,(anonymous_6)
FN:56,(anonymous_7)
FN:61,(anonymous_8)
FN:87,(anonymous_9)
FN:111,(anonymous_10)
FNF:11
FNH:0
FNDA:0,(anonymous_0)
FNDA:0,(anonymous_1)
FNDA:0,(anonymous_2)
FNDA:0,(anonymous_3)
FNDA:0,(anonymous_4)
FNDA:0,(anonymous_5)
FNDA:0,(anonymous_6)
FNDA:0,(anonymous_7)
FNDA:0,(anonymous_8)
FNDA:0,(anonymous_9)
FNDA:0,(anonymous_10)
DA:1,1
DA:2,1
DA:3,1
DA:14,1
DA:15,0
DA:19,0
DA:23,0
DA:28,0
DA:29,0
DA:31,0
DA:32,0
DA:33,0
DA:34,0
DA:35,0
DA:36,0
DA:39,0
DA:41,0
DA:45,0
DA:49,0
DA:55,1
DA:61,0
DA:62,0
DA:63,0
DA:65,0
DA:66,0
DA:67,0
DA:69,0
DA:72,0
DA:73,0
DA:76,0
DA:92,0
DA:106,0
DA:107,0
DA:112,0
DA:118,1
LF:35
LH:6
BRDA:31,0,0,0
BRDA:31,0,1,0
BRDA:34,1,0,0
BRDA:66,2,0,0
BRDA:66,2,1,0
BRDA:106,3,0,0
BRF:6
BRH:0
end_of_record
TN:
SF:src\repositories\application.repository.ts
FN:5,(anonymous_0)
FN:12,(anonymous_1)
FN:38,(anonymous_2)
FN:49,(anonymous_3)
FN:60,(anonymous_4)
FN:71,(anonymous_5)
FN:77,(anonymous_6)
FN:78,(anonymous_7)
FN:96,(anonymous_8)
FNF:9
FNH:0
FNDA:0,(anonymous_0)
FNDA:0,(anonymous_1)
FNDA:0,(anonymous_2)
FNDA:0,(anonymous_3)
FNDA:0,(anonymous_4)
FNDA:0,(anonymous_5)
FNDA:0,(anonymous_6)
FNDA:0,(anonymous_7)
FNDA:0,(anonymous_8)
DA:1,1
DA:2,1
DA:4,1
DA:12,0
DA:13,0
DA:27,0
DA:34,0
DA:39,0
DA:50,0
DA:61,0
DA:72,0
DA:78,0
DA:79,0
DA:88,0
DA:92,0
DA:97,0
DA:101,1
LF:17
LH:4
BRDA:18,0,0,0
BRDA:18,0,1,0
BRDA:19,1,0,0
BRDA:19,1,1,0
BRF:4
BRH:0
end_of_record
TN:
SF:src\repositories\auth.repository.ts
FN:5,(anonymous_0)
FN:9,(anonymous_1)
FN:13,(anonymous_2)
FN:21,(anonymous_3)
FN:25,(anonymous_4)
FN:29,(anonymous_5)
FN:39,(anonymous_6)
FN:43,(anonymous_7)
FN:47,(anonymous_8)
FNF:9
FNH:1
FNDA:1,(anonymous_0)
FNDA:0,(anonymous_1)
FNDA:0,(anonymous_2)
FNDA:0,(anonymous_3)
FNDA:0,(anonymous_4)
FNDA:0,(anonymous_5)
FNDA:0,(anonymous_6)
FNDA:0,(anonymous_7)
FNDA:0,(anonymous_8)
DA:2,1
DA:4,1
DA:6,1
DA:10,0
DA:18,0
DA:22,0
DA:26,0
DA:34,0
DA:40,0
DA:44,0
DA:48,0
DA:55,1
LF:12
LH:4
BRF:0
BRH:0
end_of_record
TN:
SF:src\repositories\company.repository.ts
FN:5,(anonymous_0)
FN:17,(anonymous_1)
FN:21,(anonymous_2)
FN:25,(anonymous_3)
FN:29,(anonymous_4)
FNF:5
FNH:0
FNDA:0,(anonymous_0)
FNDA:0,(anonymous_1)
FNDA:0,(anonymous_2)
FNDA:0,(anonymous_3)
FNDA:0,(anonymous_4)
DA:2,1
DA:4,1
DA:14,0
DA:18,0
DA:22,0
DA:26,0
DA:30,0
DA:34,0
DA:35,0
DA:39,1
LF:10
LH:3
BRDA:34,0,0,0
BRF:1
BRH:0
end_of_record
TN:
SF:src\repositories\job.match.repository.ts
FN:4,(anonymous_0)
FN:24,(anonymous_1)
FN:36,(anonymous_2)
FNF:3
FNH:0
FNDA:0,(anonymous_0)
FNDA:0,(anonymous_1)
FNDA:0,(anonymous_2)
DA:1,1
DA:3,1
DA:12,0
DA:25,0
DA:37,0
DA:47,1
LF:6
LH:3
BRDA:24,0,0,0
BRDA:24,1,0,0
BRF:2
BRH:0
end_of_record
TN:
SF:src\repositories\job.repository.ts
FN:5,(anonymous_0)
FN:24,(anonymous_1)
FN:34,(anonymous_2)
FN:44,(anonymous_3)
FN:67,(anonymous_4)
FN:83,(anonymous_5)
FN:93,(anonymous_6)
FN:104,(anonymous_7)
FN:108,(anonymous_8)
FNF:9
FNH:0
FNDA:0,(anonymous_0)
FNDA:0,(anonymous_1)
FNDA:0,(anonymous_2)
FNDA:0,(anonymous_3)
FNDA:0,(anonymous_4)
FNDA:0,(anonymous_5)
FNDA:0,(anonymous_6)
FNDA:0,(anonymous_7)
FNDA:0,(anonymous_8)
DA:1,2
DA:4,2
DA:18,0
DA:20,0
DA:24,0
DA:35,0
DA:50,0
DA:64,0
DA:81,0
DA:83,0
DA:84,0
DA:85,0
DA:88,0
DA:93,0
DA:105,0
DA:109,0
DA:120,2
LF:17
LH:3
BRDA:24,0,0,0
BRDA:24,0,1,0
BRDA:84,1,0,0
BRDA:92,2,0,0
BRDA:92,2,1,0
BRF:5
BRH:0
end_of_record
TN:
SF:src\repositories\resume.repository.ts
FN:5,(anonymous_0)
FN:19,(anonymous_1)
FN:23,(anonymous_2)
FNF:3
FNH:0
FNDA:0,(anonymous_0)
FNDA:0,(anonymous_1)
FNDA:0,(anonymous_2)
DA:1,1
DA:2,1
DA:4,1
DA:11,0
DA:12,0
DA:20,0
DA:24,0
DA:28,1
LF:8
LH:4
BRDA:11,0,0,0
BRDA:11,0,1,0
BRF:2
BRH:0
end_of_record
TN:
SF:src\services\application.service.ts
FN:9,(anonymous_0)
FN:49,(anonymous_1)
FN:55,(anonymous_2)
FN:60,(anonymous_3)
FN:100,(anonymous_4)
FN:116,(anonymous_5)
FN:132,(anonymous_6)
FNF:7
FNH:0
FNDA:0,(anonymous_0)
FNDA:0,(anonymous_1)
FNDA:0,(anonymous_2)
FNDA:0,(anonymous_3)
FNDA:0,(anonymous_4)
FNDA:0,(anonymous_5)
FNDA:0,(anonymous_6)
DA:1,1
DA:2,1
DA:3,1
DA:4,1
DA:5,1
DA:6,1
DA:8,1
DA:10,0
DA:11,0
DA:13,0
DA:17,0
DA:18,0
DA:21,0
DA:22,0
DA:24,0
DA:26,0
DA:34,0
DA:35,0
DA:36,0
DA:40,0
DA:46,0
DA:50,0
DA:51,0
DA:52,0
DA:56,0
DA:57,0
DA:65,0
DA:66,0
DA:68,0
DA:70,0
DA:72,0
DA:73,0
DA:78,0
DA:83,0
DA:84,0
DA:90,0
DA:91,0
DA:97,0
DA:101,0
DA:102,0
DA:104,0
DA:105,0
DA:106,0
DA:109,0
DA:110,0
DA:113,0
DA:117,0
DA:118,0
DA:120,0
DA:121,0
DA:122,0
DA:123,0
DA:125,0
DA:126,0
DA:129,0
DA:133,0
DA:136,0
DA:138,0
DA:139,0
DA:140,0
DA:145,1
LF:61
LH:8
BRDA:11,0,0,0
BRDA:17,1,0,0
BRDA:17,2,0,0
BRDA:17,2,1,0
BRDA:22,3,0,0
BRDA:35,4,0,0
BRDA:51,5,0,0
BRDA:66,6,0,0
BRDA:83,7,0,0
BRDA:90,8,0,0
BRDA:102,9,0,0
BRDA:105,10,0,0
BRDA:105,11,0,0
BRDA:105,11,1,0
BRDA:109,12,0,0
BRDA:118,13,0,0
BRDA:120,14,0,0
BRDA:120,14,1,0
BRDA:122,15,0,0
BRDA:122,16,0,0
BRDA:122,16,1,0
BRDA:125,17,0,0
BRDA:136,18,0,0
BRDA:139,19,0,0
BRDA:139,20,0,0
BRDA:139,20,1,0
BRF:26
BRH:0
end_of_record
TN:
SF:src\services\auth.service.ts
FN:19,(anonymous_1)
FN:23,(anonymous_2)
FN:27,(anonymous_3)
FN:51,(anonymous_4)
FN:83,(anonymous_5)
FN:101,(anonymous_6)
FN:123,(anonymous_7)
FN:131,(anonymous_8)
FNF:8
FNH:1
FNDA:0,(anonymous_1)
FNDA:0,(anonymous_2)
FNDA:0,(anonymous_3)
FNDA:0,(anonymous_4)
FNDA:1,(anonymous_5)
FNDA:0,(anonymous_6)
FNDA:0,(anonymous_7)
FNDA:0,(anonymous_8)
DA:1,1
DA:2,1
DA:3,1
DA:4,1
DA:5,1
DA:6,1
DA:7,1
DA:8,1
DA:9,1
DA:10,1
DA:18,1
DA:20,0
DA:24,0
DA:28,0
DA:30,0
DA:31,0
DA:33,0
DA:35,0
DA:41,0
DA:46,0
DA:48,0
DA:56,0
DA:58,0
DA:59,0
DA:61,0
DA:63,0
DA:69,0
DA:71,0
DA:76,0
DA:80,0
DA:84,1
DA:85,1
DA:87,0
DA:88,0
DA:90,0
DA:91,0
DA:93,0
DA:94,0
DA:96,0
DA:98,0
DA:102,0
DA:103,0
DA:104,0
DA:107,0
DA:108,0
DA:110,0
DA:112,0
DA:113,0
DA:115,0
DA:116,0
DA:118,0
DA:120,0
DA:124,0
DA:132,0
DA:140,1
LF:55
LH:14
BRDA:31,0,0,0
BRDA:59,1,0,0
BRDA:85,2,0,1
BRDA:88,3,0,0
BRDA:103,4,0,0
BRDA:103,5,0,0
BRDA:103,5,1,0
BRDA:103,5,2,0
BRDA:108,6,0,0
BRF:9
BRH:1
end_of_record
TN:
SF:src\services\dashboard.service.ts
FN:6,(anonymous_0)
FN:38,(anonymous_1)
FN:80,(anonymous_2)
FNF:3
FNH:0
FNDA:0,(anonymous_0)
FNDA:0,(anonymous_1)
FNDA:0,(anonymous_2)
DA:2,1
DA:3,1
DA:5,1
DA:7,0
DA:11,0
DA:13,0
DA:28,0
DA:39,0
DA:40,0
DA:42,0
DA:72,0
DA:81,0
DA:88,0
DA:102,1
LF:14
LH:4
BRDA:11,0,0,0
BRDA:31,1,0,0
BRDA:31,1,1,0
BRDA:40,2,0,0
BRF:4
BRH:0
end_of_record
TN:
SF:src\services\job.service.ts
FN:8,(anonymous_0)
FN:33,(anonymous_1)
FN:44,(anonymous_2)
FN:92,(anonymous_3)
FN:106,(anonymous_4)
FN:118,(anonymous_5)
FNF:6
FNH:0
FNDA:0,(anonymous_0)
FNDA:0,(anonymous_1)
FNDA:0,(anonymous_2)
FNDA:0,(anonymous_3)
FNDA:0,(anonymous_4)
FNDA:0,(anonymous_5)
DA:1,1
DA:2,1
DA:3,1
DA:4,1
DA:5,1
DA:7,1
DA:19,0
DA:20,0
DA:22,0
DA:28,0
DA:29,0
DA:30,0
DA:34,0
DA:35,0
DA:37,0
DA:38,0
DA:41,0
DA:45,0
DA:46,0
DA:47,0
DA:49,0
DA:51,0
DA:52,0
DA:53,0
DA:54,0
DA:55,0
DA:58,0
DA:59,0
DA:62,0
DA:63,0
DA:66,0
DA:67,0
DA:68,0
DA:69,0
DA:71,0
DA:74,0
DA:81,0
DA:93,0
DA:94,0
DA:96,0
DA:97,0
DA:98,0
DA:101,0
DA:102,0
DA:103,0
DA:107,0
DA:108,0
DA:110,0
DA:111,0
DA:112,0
DA:115,0
DA:119,0
DA:120,0
DA:122,0
DA:123,0
DA:124,0
DA:127,0
DA:129,0
DA:130,0
DA:131,0
DA:134,0
DA:138,1
LF:62
LH:7
BRDA:20,0,0,0
BRDA:35,1,0,0
BRDA:37,2,0,0
BRDA:37,3,0,0
BRDA:37,3,1,0
BRDA:45,4,0,0
BRDA:45,4,1,0
BRDA:46,5,0,0
BRDA:46,5,1,0
BRDA:51,6,0,0
BRDA:51,6,1,0
BRDA:51,7,0,0
BRDA:51,7,1,0
BRDA:52,8,0,0
BRDA:52,8,1,0
BRDA:53,9,0,0
BRDA:53,10,0,0
BRDA:53,10,1,0
BRDA:55,11,0,0
BRDA:58,12,0,0
BRDA:59,13,0,0
BRDA:59,13,1,0
BRDA:62,14,0,0
BRDA:67,15,0,0
BRDA:67,15,1,0
BRDA:67,16,0,0
BRDA:67,16,1,0
BRDA:69,17,0,0
BRDA:69,17,1,0
BRDA:94,18,0,0
BRDA:97,19,0,0
BRDA:97,20,0,0
BRDA:97,20,1,0
BRDA:108,21,0,0
BRDA:111,22,0,0
BRDA:111,23,0,0
BRDA:111,23,1,0
BRDA:120,24,0,0
BRDA:123,25,0,0
BRDA:123,26,0,0
BRDA:123,26,1,0
BRDA:129,27,0,0
BRF:42
BRH:0
end_of_record
TN:
SF:src\services\matching.service.ts
FN:9,(anonymous_0)
FN:21,(anonymous_1)
FN:22,(anonymous_2)
FN:24,(anonymous_3)
FN:25,(anonymous_4)
FN:47,(anonymous_5)
FN:48,(anonymous_6)
FN:98,(anonymous_7)
FN:112,(anonymous_8)
FN:128,(anonymous_9)
FN:131,(anonymous_10)
FN:144,(anonymous_11)
FN:145,(anonymous_12)
FN:150,(anonymous_13)
FN:151,(anonymous_14)
FN:160,cosineSimilarity
FN:161,(anonymous_16)
FN:162,(anonymous_17)
FN:163,(anonymous_18)
FNF:19
FNH:0
FNDA:0,(anonymous_0)
FNDA:0,(anonymous_1)
FNDA:0,(anonymous_2)
FNDA:0,(anonymous_3)
FNDA:0,(anonymous_4)
FNDA:0,(anonymous_5)
FNDA:0,(anonymous_6)
FNDA:0,(anonymous_7)
FNDA:0,(anonymous_8)
FNDA:0,(anonymous_9)
FNDA:0,(anonymous_10)
FNDA:0,(anonymous_11)
FNDA:0,(anonymous_12)
FNDA:0,(anonymous_13)
FNDA:0,(anonymous_14)
FNDA:0,cosineSimilarity
FNDA:0,(anonymous_16)
FNDA:0,(anonymous_17)
FNDA:0,(anonymous_18)
DA:1,1
DA:2,1
DA:3,1
DA:4,1
DA:5,1
DA:6,1
DA:8,1
DA:10,0
DA:18,0
DA:19,0
DA:21,0
DA:22,0
DA:24,0
DA:25,0
DA:28,0
DA:30,0
DA:31,0
DA:32,0
DA:38,0
DA:39,0
DA:40,0
DA:41,0
DA:42,0
DA:45,0
DA:46,0
DA:47,0
DA:48,0
DA:49,0
DA:51,0
DA:52,0
DA:54,0
DA:55,0
DA:56,0
DA:60,0
DA:61,0
DA:63,0
DA:67,0
DA:72,0
DA:78,0
DA:80,0
DA:81,0
DA:88,0
DA:99,0
DA:108,0
DA:109,0
DA:111,0
DA:112,0
DA:115,0
DA:116,0
DA:128,0
DA:132,0
DA:136,0
DA:137,0
DA:138,0
DA:139,0
DA:141,0
DA:145,0
DA:146,0
DA:151,0
DA:152,0
DA:153,0
DA:154,0
DA:161,0
DA:162,0
DA:163,0
DA:164,0
DA:165,0
DA:168,1
LF:68
LH:8
BRDA:19,0,0,0
BRDA:19,1,0,0
BRDA:19,1,1,0
BRDA:28,2,0,0
BRDA:28,2,1,0
BRDA:31,3,0,0
BRDA:33,4,0,0
BRDA:33,4,1,0
BRDA:41,5,0,0
BRDA:41,6,0,0
BRDA:41,6,1,0
BRDA:41,6,2,0
BRDA:41,6,3,0
BRDA:46,7,0,0
BRDA:46,7,1,0
BRDA:49,8,0,0
BRDA:49,8,1,0
BRDA:54,9,0,0
BRDA:54,10,0,0
BRDA:54,10,1,0
BRDA:78,11,0,0
BRDA:78,11,1,0
BRDA:78,11,2,0
BRDA:80,12,0,0
BRDA:80,13,0,0
BRDA:80,13,1,0
BRDA:109,14,0,0
BRDA:161,15,0,0
BRDA:161,15,1,0
BRDA:164,16,0,0
BRDA:164,17,0,0
BRDA:164,17,1,0
BRF:32
BRH:0
end_of_record
TN:
SF:src\services\resume.service.ts
FN:14,(anonymous_1)
FN:53,(anonymous_2)
FN:72,(anonymous_3)
FN:103,(anonymous_4)
FN:104,(anonymous_5)
FN:108,(anonymous_6)
FNF:6
FNH:0
FNDA:0,(anonymous_1)
FNDA:0,(anonymous_2)
FNDA:0,(anonymous_3)
FNDA:0,(anonymous_4)
FNDA:0,(anonymous_5)
FNDA:0,(anonymous_6)
DA:1,1
DA:2,1
DA:3,1
DA:4,1
DA:5,1
DA:6,1
DA:7,1
DA:8,1
DA:9,1
DA:10,1
DA:11,1
DA:13,1
DA:15,0
DA:16,0
DA:17,0
DA:19,0
DA:20,0
DA:22,0
DA:23,0
DA:25,0
DA:28,0
DA:29,0
DA:31,0
DA:34,0
DA:41,0
DA:42,0
DA:45,0
DA:46,0
DA:47,0
DA:50,0
DA:54,0
DA:55,0
DA:57,0
DA:58,0
DA:59,0
DA:60,0
DA:61,0
DA:64,0
DA:65,0
DA:66,0
DA:69,0
DA:73,0
DA:74,0
DA:76,0
DA:77,0
DA:78,0
DA:80,0
DA:86,0
DA:104,0
DA:105,0
DA:106,0
DA:108,0
DA:109,0
DA:111,0
DA:119,1
LF:55
LH:13
BRDA:41,0,0,0
BRDA:46,1,0,0
BRDA:57,2,0,0
BRDA:64,3,0,0
BRDA:74,4,0,0
BRDA:78,5,0,0
BRDA:106,6,0,0
BRF:7
BRH:0
end_of_record
TN:
SF:src\services\search.service.ts
FN:7,(anonymous_0)
FN:23,(anonymous_1)
FN:24,(anonymous_2)
FN:35,(anonymous_3)
FN:36,(anonymous_4)
FN:56,(anonymous_5)
FN:60,(anonymous_6)
FN:80,(anonymous_7)
FN:104,cosineSimilarity
FN:106,(anonymous_9)
FN:107,(anonymous_10)
FN:108,(anonymous_11)
FNF:12
FNH:5
FNDA:1,(anonymous_0)
FNDA:1,(anonymous_1)
FNDA:0,(anonymous_2)
FNDA:0,(anonymous_3)
FNDA:0,(anonymous_4)
FNDA:1,(anonymous_5)
FNDA:2,(anonymous_6)
FNDA:2,(anonymous_7)
FNDA:0,cosineSimilarity
FNDA:0,(anonymous_9)
FNDA:0,(anonymous_10)
FNDA:0,(anonymous_11)
DA:1,2
DA:2,2
DA:3,2
DA:4,2
DA:6,2
DA:8,1
DA:13,1
DA:14,0
DA:17,1
DA:19,1
DA:22,1
DA:23,1
DA:24,0
DA:30,1
DA:31,1
DA:34,0
DA:35,0
DA:36,0
DA:38,0
DA:39,0
DA:41,0
DA:52,0
DA:57,1
DA:60,2
DA:62,1
DA:64,0
DA:71,0
DA:77,1
DA:80,2
DA:91,1
DA:105,0
DA:106,0
DA:107,0
DA:108,0
DA:109,0
DA:110,0
DA:113,2
LF:37
LH:20
BRDA:7,0,0,1
BRDA:7,1,0,1
BRDA:13,2,0,0
BRDA:23,3,0,1
BRDA:23,3,1,0
BRDA:30,4,0,1
BRDA:56,5,0,0
BRDA:56,6,0,0
BRDA:62,7,0,0
BRDA:105,8,0,0
BRDA:105,9,0,0
BRDA:105,9,1,0
BRDA:106,10,0,0
BRDA:106,10,1,0
BRDA:109,11,0,0
BRDA:109,12,0,0
BRDA:109,12,1,0
BRF:17
BRH:4
end_of_record
TN:
SF:src\storage\storage.provider.ts
FN:11,(anonymous_1)
FN:13,(anonymous_2)
FN:25,(anonymous_3)
FN:34,(anonymous_4)
FNF:4
FNH:1
FNDA:1,(anonymous_1)
FNDA:0,(anonymous_2)
FNDA:0,(anonymous_3)
FNDA:0,(anonymous_4)
DA:1,1
DA:2,1
DA:10,1
DA:11,1
DA:14,0
DA:15,0
DA:17,0
DA:18,0
DA:19,0
DA:21,0
DA:22,0
DA:26,0
DA:27,0
DA:28,0
DA:35,0
DA:39,1
LF:16
LH:5
BRF:0
BRH:0
end_of_record
TN:
SF:src\utils\asyncHandler.ts
FN:3,(anonymous_0)
FN:6,(anonymous_1)
FNF:2
FNH:2
FNDA:18,(anonymous_0)
FNDA:2,(anonymous_1)
DA:3,1
DA:6,18
DA:7,2
LF:3
LH:3
BRF:0
BRH:0
end_of_record
TN:
SF:src\utils\params.ts
FN:1,(anonymous_0)
FNF:1
FNH:0
FNDA:0,(anonymous_0)
DA:1,1
DA:2,0
LF:2
LH:1
BRDA:2,0,0,0
BRDA:2,0,1,0
BRF:2
BRH:0
end_of_record
TN:
SF:src\utils\password.ts
FN:11,(anonymous_0)
FNF:1
FNH:1
FNDA:6,(anonymous_0)
DA:1,2
DA:3,2
DA:11,2
DA:12,6
LF:4
LH:4
BRF:0
BRH:0
end_of_record
